mode: set
github.com/mergerhq/merger/internal/config/config.go:73.24,112.2 1 0
github.com/mergerhq/merger/internal/config/config.go:114.40,118.16 3 0
github.com/mergerhq/merger/internal/config/config.go:118.16,120.3 1 0
github.com/mergerhq/merger/internal/config/config.go:122.2,122.50 1 0
github.com/mergerhq/merger/internal/config/config.go:122.50,124.3 1 0
github.com/mergerhq/merger/internal/config/config.go:126.2,126.17 1 0
github.com/mergerhq/merger/internal/controlplane/http.go:18.52,20.2 1 1
github.com/mergerhq/merger/internal/controlplane/http.go:22.52,25.2 2 1
github.com/mergerhq/merger/internal/controlplane/http.go:27.83,28.18 1 0
github.com/mergerhq/merger/internal/controlplane/http.go:29.22,30.28 1 0
github.com/mergerhq/merger/internal/controlplane/http.go:31.10,32.67 1 0
github.com/mergerhq/merger/internal/controlplane/http.go:36.86,39.39 3 1
github.com/mergerhq/merger/internal/controlplane/http.go:39.39,42.3 2 0
github.com/mergerhq/merger/internal/controlplane/http.go:44.2,45.21 2 1
github.com/mergerhq/merger/internal/controlplane/http.go:45.21,46.33 1 1
github.com/mergerhq/merger/internal/controlplane/http.go:46.33,49.4 2 0
github.com/mergerhq/merger/internal/controlplane/http.go:50.3,51.9 2 1
github.com/mergerhq/merger/internal/controlplane/http.go:54.2,54.77 1 1
github.com/mergerhq/merger/internal/controlplane/http.go:54.77,57.3 2 1
github.com/mergerhq/merger/internal/controlplane/http.go:59.2,59.21 1 0
github.com/mergerhq/merger/internal/controlplane/http.go:62.81,64.50 2 0
github.com/mergerhq/merger/internal/controlplane/http.go:64.50,65.65 1 0
github.com/mergerhq/merger/internal/controlplane/http.go:65.65,67.4 1 0
github.com/mergerhq/merger/internal/controlplane/http.go:70.2,71.16 2 0
github.com/mergerhq/merger/internal/controlplane/http.go:71.16,74.3 2 0
github.com/mergerhq/merger/internal/controlplane/http.go:75.2,75.63 1 0
github.com/mergerhq/merger/internal/controlplane/http.go:78.90,80.16 2 1
github.com/mergerhq/merger/internal/controlplane/http.go:80.16,83.3 2 0
github.com/mergerhq/merger/internal/controlplane/http.go:84.2,84.35 1 1
github.com/mergerhq/merger/internal/controlplane/http.go:87.124,96.65 2 1
github.com/mergerhq/merger/internal/controlplane/http.go:96.65,99.3 2 0
github.com/mergerhq/merger/internal/controlplane/http.go:101.2,111.82 2 1
github.com/mergerhq/merger/internal/controlplane/http.go:111.82,114.3 2 0
github.com/mergerhq/merger/internal/controlplane/http.go:115.2,115.46 1 1
github.com/mergerhq/merger/internal/controlplane/http.go:118.64,122.2 3 1
github.com/mergerhq/merger/internal/controlplane/http.go:124.36,125.51 1 0
github.com/mergerhq/merger/internal/controlplane/http.go:125.51,127.3 1 0
github.com/mergerhq/merger/internal/controlplane/http.go:128.2,128.39 1 0
github.com/mergerhq/merger/internal/controlplane/service.go:20.55,22.2 1 1
github.com/mergerhq/merger/internal/controlplane/service.go:24.93,26.16 2 1
github.com/mergerhq/merger/internal/controlplane/service.go:26.16,28.3 1 0
github.com/mergerhq/merger/internal/controlplane/service.go:29.2,30.16 2 1
github.com/mergerhq/merger/internal/controlplane/service.go:30.16,32.3 1 0
github.com/mergerhq/merger/internal/controlplane/service.go:33.2,33.66 1 1
github.com/mergerhq/merger/internal/controlplane/service.go:36.100,38.2 1 0
github.com/mergerhq/merger/internal/controlplane/service.go:40.106,41.34 1 1
github.com/mergerhq/merger/internal/controlplane/service.go:41.34,43.3 1 1
github.com/mergerhq/merger/internal/controlplane/service.go:44.2,44.61 1 1
github.com/mergerhq/merger/internal/events/bus.go:47.32,49.2 1 0
github.com/mergerhq/merger/internal/events/bus.go:51.71,58.2 1 0
github.com/mergerhq/merger/internal/events/bus.go:60.72,64.14 3 0
github.com/mergerhq/merger/internal/events/bus.go:64.14,66.3 1 0
github.com/mergerhq/merger/internal/events/bus.go:68.2,68.49 1 0
github.com/mergerhq/merger/internal/events/bus.go:68.49,69.45 1 0
github.com/mergerhq/merger/internal/events/bus.go:69.45,71.4 1 0
github.com/mergerhq/merger/internal/events/bus.go:74.2,74.12 1 0
github.com/mergerhq/merger/internal/events/bus.go:77.70,81.14 3 0
github.com/mergerhq/merger/internal/events/bus.go:81.14,83.3 1 0
github.com/mergerhq/merger/internal/events/bus.go:85.2,86.12 2 0
github.com/mergerhq/merger/internal/events/bus.go:89.35,96.2 5 0
github.com/mergerhq/merger/internal/events/factory.go:9.61,10.21 1 0
github.com/mergerhq/merger/internal/events/factory.go:11.20,12.29 1 0
github.com/mergerhq/merger/internal/events/factory.go:13.14,19.5 1 0
github.com/mergerhq/merger/internal/events/factory.go:20.10,21.72 1 0
github.com/mergerhq/merger/internal/events/nats.go:26.51,28.16 2 0
github.com/mergerhq/merger/internal/events/nats.go:28.16,30.3 1 0
github.com/mergerhq/merger/internal/events/nats.go:32.2,33.16 2 0
github.com/mergerhq/merger/internal/events/nats.go:33.16,36.3 2 0
github.com/mergerhq/merger/internal/events/nats.go:38.2,44.43 2 0
github.com/mergerhq/merger/internal/events/nats.go:44.43,47.3 2 0
github.com/mergerhq/merger/internal/events/nats.go:49.2,49.17 1 0
github.com/mergerhq/merger/internal/events/nats.go:52.68,54.16 2 0
github.com/mergerhq/merger/internal/events/nats.go:54.16,56.3 1 0
github.com/mergerhq/merger/internal/events/nats.go:58.2,65.31 4 0
github.com/mergerhq/merger/internal/events/nats.go:65.31,67.3 1 0
github.com/mergerhq/merger/internal/events/nats.go:69.2,70.12 2 0
github.com/mergerhq/merger/internal/events/nats.go:73.68,77.58 3 0
github.com/mergerhq/merger/internal/events/nats.go:77.58,79.61 2 0
github.com/mergerhq/merger/internal/events/nats.go:79.61,82.4 2 0
github.com/mergerhq/merger/internal/events/nats.go:84.3,84.65 1 0
github.com/mergerhq/merger/internal/events/nats.go:84.65,87.4 2 0
github.com/mergerhq/merger/internal/events/nats.go:89.3,89.16 1 0
github.com/mergerhq/merger/internal/events/nats.go:91.2,91.16 1 0
github.com/mergerhq/merger/internal/events/nats.go:91.16,93.3 1 0
github.com/mergerhq/merger/internal/events/nats.go:95.2,96.12 2 0
github.com/mergerhq/merger/internal/events/nats.go:99.33,100.29 1 0
github.com/mergerhq/merger/internal/events/nats.go:100.29,102.3 1 0
github.com/mergerhq/merger/internal/events/nats.go:103.2,103.19 1 0
github.com/mergerhq/merger/internal/events/nats.go:103.19,106.3 2 0
github.com/mergerhq/merger/internal/events/nats.go:107.2,107.12 1 0
github.com/mergerhq/merger/internal/events/nats.go:110.40,113.61 2 0
github.com/mergerhq/merger/internal/events/nats.go:113.61,115.3 1 0
github.com/mergerhq/merger/internal/events/nats.go:117.2,122.12 2 0
github.com/mergerhq/merger/internal/events/nats.go:125.53,127.2 1 0
github.com/mergerhq/merger/internal/events/nats.go:129.41,134.2 4 0
github.com/mergerhq/merger/internal/events/recording_bus.go:14.72,19.2 1 0
github.com/mergerhq/merger/internal/events/recording_bus.go:21.75,22.51 1 0
github.com/mergerhq/merger/internal/events/recording_bus.go:22.51,24.3 1 0
github.com/mergerhq/merger/internal/events/recording_bus.go:26.2,26.20 1 0
github.com/mergerhq/merger/internal/events/recording_bus.go:26.20,28.3 1 0
github.com/mergerhq/merger/internal/events/recording_bus.go:30.2,30.38 1 0
github.com/mergerhq/merger/internal/events/recording_bus.go:33.73,35.2 1 0
github.com/mergerhq/merger/internal/events/recording_bus.go:37.38,39.2 1 0
github.com/mergerhq/merger/internal/store/memory.go:20.46,26.2 1 1
github.com/mergerhq/merger/internal/store/memory.go:28.98,35.2 5 1
github.com/mergerhq/merger/internal/store/memory.go:37.103,42.9 4 1
github.com/mergerhq/merger/internal/store/memory.go:42.9,44.3 1 0
github.com/mergerhq/merger/internal/store/memory.go:45.2,45.20 1 1
github.com/mergerhq/merger/internal/store/memory.go:48.107,53.41 4 0
github.com/mergerhq/merger/internal/store/memory.go:53.41,55.3 1 0
github.com/mergerhq/merger/internal/store/memory.go:57.2,57.42 1 0
github.com/mergerhq/merger/internal/store/memory.go:57.42,59.3 1 0
github.com/mergerhq/merger/internal/store/memory.go:60.2,60.39 1 0
github.com/mergerhq/merger/internal/store/memory.go:60.39,62.3 1 0
github.com/mergerhq/merger/internal/store/memory.go:64.2,64.21 1 0
github.com/mergerhq/merger/internal/store/memory.go:67.86,72.2 4 0
github.com/mergerhq/merger/internal/store/memory.go:74.113,78.55 3 1
github.com/mergerhq/merger/internal/store/memory.go:78.55,80.3 1 0
github.com/mergerhq/merger/internal/store/memory.go:81.2,81.34 1 1
github.com/mergerhq/merger/internal/store/memory.go:81.34,83.3 1 0
github.com/mergerhq/merger/internal/store/memory.go:84.2,85.12 2 1
github.com/mergerhq/merger/internal/store/memory.go:88.129,94.35 5 1
github.com/mergerhq/merger/internal/store/memory.go:94.35,96.3 1 1
github.com/mergerhq/merger/internal/store/memory.go:97.2,97.45 1 1
github.com/mergerhq/merger/internal/store/memory.go:97.45,99.3 1 0
github.com/mergerhq/merger/internal/store/memory.go:100.2,100.24 1 1
github.com/mergerhq/merger/internal/store/memory.go:103.59,103.73 1 0
github.com/mergerhq/merger/internal/store/memory.go:104.59,104.73 1 0
github.com/mergerhq/merger/internal/store/memory.go:106.77,107.40 1 1
github.com/mergerhq/merger/internal/store/memory.go:107.40,109.3 1 1
github.com/mergerhq/merger/internal/store/memory.go:110.2,110.46 1 1
github.com/mergerhq/merger/internal/store/memory.go:110.46,112.9 2 1
github.com/mergerhq/merger/internal/store/memory.go:112.9,116.12 4 0
github.com/mergerhq/merger/internal/store/memory.go:119.3,127.4 1 1
github.com/mergerhq/merger/internal/store/postgres.go:21.69,23.16 2 0
github.com/mergerhq/merger/internal/store/postgres.go:23.16,25.3 1 0
github.com/mergerhq/merger/internal/store/postgres.go:27.2,31.41 4 0
github.com/mergerhq/merger/internal/store/postgres.go:34.65,35.49 1 0
github.com/mergerhq/merger/internal/store/postgres.go:35.49,36.61 1 0
github.com/mergerhq/merger/internal/store/postgres.go:36.61,38.4 1 0
github.com/mergerhq/merger/internal/store/postgres.go:40.2,40.12 1 0
github.com/mergerhq/merger/internal/store/postgres.go:43.102,45.16 2 0
github.com/mergerhq/merger/internal/store/postgres.go:45.16,47.3 1 0
github.com/mergerhq/merger/internal/store/postgres.go:49.2,75.16 3 0
github.com/mergerhq/merger/internal/store/postgres.go:75.16,77.3 1 0
github.com/mergerhq/merger/internal/store/postgres.go:79.2,79.48 1 0
github.com/mergerhq/merger/internal/store/postgres.go:82.90,84.16 2 0
github.com/mergerhq/merger/internal/store/postgres.go:84.16,86.3 1 0
github.com/mergerhq/merger/internal/store/postgres.go:88.2,103.12 2 0
github.com/mergerhq/merger/internal/store/postgres.go:106.107,108.128 2 0
github.com/mergerhq/merger/internal/store/postgres.go:108.128,109.36 1 0
github.com/mergerhq/merger/internal/store/postgres.go:109.36,111.4 1 0
github.com/mergerhq/merger/internal/store/postgres.go:112.3,112.36 1 0
github.com/mergerhq/merger/internal/store/postgres.go:115.2,116.57 2 0
github.com/mergerhq/merger/internal/store/postgres.go:116.57,118.3 1 0
github.com/mergerhq/merger/internal/store/postgres.go:119.2,119.20 1 0
github.com/mergerhq/merger/internal/store/postgres.go:122.111,123.16 1 0
github.com/mergerhq/merger/internal/store/postgres.go:123.16,125.3 1 0
github.com/mergerhq/merger/internal/store/postgres.go:127.2,128.16 2 0
github.com/mergerhq/merger/internal/store/postgres.go:128.16,130.3 1 0
github.com/mergerhq/merger/internal/store/postgres.go:131.2,134.18 3 0
github.com/mergerhq/merger/internal/store/postgres.go:134.18,136.45 2 0
github.com/mergerhq/merger/internal/store/postgres.go:136.45,138.4 1 0
github.com/mergerhq/merger/internal/store/postgres.go:140.3,141.58 2 0
github.com/mergerhq/merger/internal/store/postgres.go:141.58,143.4 1 0
github.com/mergerhq/merger/internal/store/postgres.go:144.3,144.36 1 0
github.com/mergerhq/merger/internal/store/postgres.go:147.2,147.28 1 0
github.com/mergerhq/merger/internal/store/postgres.go:150.117,152.16 2 0
github.com/mergerhq/merger/internal/store/postgres.go:152.16,154.3 1 0
github.com/mergerhq/merger/internal/store/postgres.go:155.2,155.34 1 0
github.com/mergerhq/merger/internal/store/postgres.go:155.34,157.3 1 0
github.com/mergerhq/merger/internal/store/postgres.go:159.2,184.12 2 0
github.com/mergerhq/merger/internal/store/postgres.go:187.133,193.16 2 0
github.com/mergerhq/merger/internal/store/postgres.go:193.16,195.3 1 0
github.com/mergerhq/merger/internal/store/postgres.go:196.2,199.18 3 0
github.com/mergerhq/merger/internal/store/postgres.go:199.18,213.17 3 0
github.com/mergerhq/merger/internal/store/postgres.go:213.17,215.4 1 0
github.com/mergerhq/merger/internal/store/postgres.go:216.3,216.24 1 0
github.com/mergerhq/merger/internal/store/postgres.go:216.24,218.4 1 0
github.com/mergerhq/merger/internal/store/postgres.go:219.3,219.45 1 0
github.com/mergerhq/merger/internal/store/postgres.go:222.2,222.31 1 0
github.com/mergerhq/merger/internal/store/postgres.go:225.44,226.17 1 0
github.com/mergerhq/merger/internal/store/postgres.go:226.17,228.3 1 0
github.com/mergerhq/merger/internal/store/postgres.go:229.2,229.21 1 0
github.com/mergerhq/merger/internal/store/postgres.go:232.62,233.17 1 0
github.com/mergerhq/merger/internal/store/postgres.go:233.17,235.3 1 0
github.com/mergerhq/merger/internal/store/postgres.go:236.2,236.30 1 0
github.com/mergerhq/merger/internal/store/postgres.go:239.110,240.46 1 0
github.com/mergerhq/merger/internal/store/postgres.go:240.46,249.18 1 0
github.com/mergerhq/merger/internal/store/postgres.go:249.18,251.4 1 0
github.com/mergerhq/merger/internal/store/postgres.go:253.2,253.12 1 0
github.com/mergerhq/merger/internal/store/postgres_migrations.go:3.36,45.2 1 0
github.com/mergerhq/merger/internal/checks/publisher.go:20.85,22.2 1 0
github.com/mergerhq/merger/internal/checks/publisher.go:24.95,25.21 1 0
github.com/mergerhq/merger/internal/checks/publisher.go:25.21,27.3 1 0
github.com/mergerhq/merger/internal/checks/publisher.go:29.2,30.60 2 0
github.com/mergerhq/merger/internal/checks/publisher.go:30.60,31.87 1 0
github.com/mergerhq/merger/internal/checks/publisher.go:31.87,33.18 2 0
github.com/mergerhq/merger/internal/checks/publisher.go:33.18,35.5 1 0
github.com/mergerhq/merger/internal/checks/publisher.go:39.2,41.26 3 0
github.com/mergerhq/merger/internal/checks/publisher.go:42.29,43.25 1 0
github.com/mergerhq/merger/internal/checks/publisher.go:44.29,45.33 1 0
github.com/mergerhq/merger/internal/checks/publisher.go:46.27,47.25 1 0
github.com/mergerhq/merger/internal/checks/publisher.go:50.2,58.4 1 0
github.com/mergerhq/merger/internal/config/config.go:73.24,112.2 1 0
github.com/mergerhq/merger/internal/config/config.go:114.40,118.16 3 0
github.com/mergerhq/merger/internal/config/config.go:118.16,120.3 1 0
github.com/mergerhq/merger/internal/config/config.go:122.2,122.50 1 0
github.com/mergerhq/merger/internal/config/config.go:122.50,124.3 1 0
github.com/mergerhq/merger/internal/config/config.go:126.2,126.17 1 0
github.com/mergerhq/merger/internal/events/bus.go:47.32,49.2 1 1
github.com/mergerhq/merger/internal/events/bus.go:51.71,58.2 1 1
github.com/mergerhq/merger/internal/events/bus.go:60.72,64.14 3 1
github.com/mergerhq/merger/internal/events/bus.go:64.14,66.3 1 0
github.com/mergerhq/merger/internal/events/bus.go:68.2,68.49 1 1
github.com/mergerhq/merger/internal/events/bus.go:68.49,69.45 1 0
github.com/mergerhq/merger/internal/events/bus.go:69.45,71.4 1 0
github.com/mergerhq/merger/internal/events/bus.go:74.2,74.12 1 1
github.com/mergerhq/merger/internal/events/bus.go:77.70,81.14 3 0
github.com/mergerhq/merger/internal/events/bus.go:81.14,83.3 1 0
github.com/mergerhq/merger/internal/events/bus.go:85.2,86.12 2 0
github.com/mergerhq/merger/internal/events/bus.go:89.35,96.2 5 0
github.com/mergerhq/merger/internal/events/factory.go:9.61,10.21 1 0
github.com/mergerhq/merger/internal/events/factory.go:11.20,12.29 1 0
github.com/mergerhq/merger/internal/events/factory.go:13.14,19.5 1 0
github.com/mergerhq/merger/internal/events/factory.go:20.10,21.72 1 0
github.com/mergerhq/merger/internal/events/nats.go:26.51,28.16 2 0
github.com/mergerhq/merger/internal/events/nats.go:28.16,30.3 1 0
github.com/mergerhq/merger/internal/events/nats.go:32.2,33.16 2 0
github.com/mergerhq/merger/internal/events/nats.go:33.16,36.3 2 0
github.com/mergerhq/merger/internal/events/nats.go:38.2,44.43 2 0
github.com/mergerhq/merger/internal/events/nats.go:44.43,47.3 2 0
github.com/mergerhq/merger/internal/events/nats.go:49.2,49.17 1 0
github.com/mergerhq/merger/internal/events/nats.go:52.68,54.16 2 0
github.com/mergerhq/merger/internal/events/nats.go:54.16,56.3 1 0
github.com/mergerhq/merger/internal/events/nats.go:58.2,65.31 4 0
github.com/mergerhq/merger/internal/events/nats.go:65.31,67.3 1 0
github.com/mergerhq/merger/internal/events/nats.go:69.2,70.12 2 0
github.com/mergerhq/merger/internal/events/nats.go:73.68,77.58 3 0
github.com/mergerhq/merger/internal/events/nats.go:77.58,79.61 2 0
github.com/mergerhq/merger/internal/events/nats.go:79.61,82.4 2 0
github.com/mergerhq/merger/internal/events/nats.go:84.3,84.65 1 0
github.com/mergerhq/merger/internal/events/nats.go:84.65,87.4 2 0
github.com/mergerhq/merger/internal/events/nats.go:89.3,89.16 1 0
github.com/mergerhq/merger/internal/events/nats.go:91.2,91.16 1 0
github.com/mergerhq/merger/internal/events/nats.go:91.16,93.3 1 0
github.com/mergerhq/merger/internal/events/nats.go:95.2,96.12 2 0
github.com/mergerhq/merger/internal/events/nats.go:99.33,100.29 1 0
github.com/mergerhq/merger/internal/events/nats.go:100.29,102.3 1 0
github.com/mergerhq/merger/internal/events/nats.go:103.2,103.19 1 0
github.com/mergerhq/merger/internal/events/nats.go:103.19,106.3 2 0
github.com/mergerhq/merger/internal/events/nats.go:107.2,107.12 1 0
github.com/mergerhq/merger/internal/events/nats.go:110.40,113.61 2 0
github.com/mergerhq/merger/internal/events/nats.go:113.61,115.3 1 0
github.com/mergerhq/merger/internal/events/nats.go:117.2,122.12 2 0
github.com/mergerhq/merger/internal/events/nats.go:125.53,127.2 1 0
github.com/mergerhq/merger/internal/events/nats.go:129.41,134.2 4 0
github.com/mergerhq/merger/internal/events/recording_bus.go:14.72,19.2 1 0
github.com/mergerhq/merger/internal/events/recording_bus.go:21.75,22.51 1 0
github.com/mergerhq/merger/internal/events/recording_bus.go:22.51,24.3 1 0
github.com/mergerhq/merger/internal/events/recording_bus.go:26.2,26.20 1 0
github.com/mergerhq/merger/internal/events/recording_bus.go:26.20,28.3 1 0
github.com/mergerhq/merger/internal/events/recording_bus.go:30.2,30.38 1 0
github.com/mergerhq/merger/internal/events/recording_bus.go:33.73,35.2 1 0
github.com/mergerhq/merger/internal/events/recording_bus.go:37.38,39.2 1 0
github.com/mergerhq/merger/internal/github/app_auth.go:34.99,36.16 2 0
github.com/mergerhq/merger/internal/github/app_auth.go:36.16,38.3 1 0
github.com/mergerhq/merger/internal/github/app_auth.go:40.2,41.18 2 0
github.com/mergerhq/merger/internal/github/app_auth.go:41.18,43.3 1 0
github.com/mergerhq/merger/internal/github/app_auth.go:45.2,46.16 2 0
github.com/mergerhq/merger/internal/github/app_auth.go:46.16,48.22 2 0
github.com/mergerhq/merger/internal/github/app_auth.go:48.22,50.4 1 0
github.com/mergerhq/merger/internal/github/app_auth.go:52.3,53.10 2 0
github.com/mergerhq/merger/internal/github/app_auth.go:53.10,55.4 1 0
github.com/mergerhq/merger/internal/github/app_auth.go:56.3,56.17 1 0
github.com/mergerhq/merger/internal/github/app_auth.go:59.2,63.8 1 0
github.com/mergerhq/merger/internal/github/app_auth.go:66.93,70.85 3 0
github.com/mergerhq/merger/internal/github/app_auth.go:70.85,72.3 1 0
github.com/mergerhq/merger/internal/github/app_auth.go:74.2,75.16 2 0
github.com/mergerhq/merger/internal/github/app_auth.go:75.16,77.3 1 0
github.com/mergerhq/merger/internal/github/app_auth.go:79.2,85.16 2 0
github.com/mergerhq/merger/internal/github/app_auth.go:85.16,87.3 1 0
github.com/mergerhq/merger/internal/github/app_auth.go:89.2,93.56 2 0
github.com/mergerhq/merger/internal/github/app_auth.go:93.56,95.3 1 0
github.com/mergerhq/merger/internal/github/app_auth.go:97.2,99.28 3 0
github.com/mergerhq/merger/internal/github/app_auth.go:102.53,114.16 4 0
github.com/mergerhq/merger/internal/github/app_auth.go:114.16,116.3 1 0
github.com/mergerhq/merger/internal/github/app_auth.go:117.2,118.16 2 0
github.com/mergerhq/merger/internal/github/app_auth.go:118.16,120.3 1 0
github.com/mergerhq/merger/internal/github/app_auth.go:122.2,126.16 4 0
github.com/mergerhq/merger/internal/github/app_auth.go:126.16,128.3 1 0
github.com/mergerhq/merger/internal/github/app_auth.go:130.2,130.55 1 0
github.com/mergerhq/merger/internal/github/app_auth.go:133.39,135.2 1 0
github.com/mergerhq/merger/internal/github/checks.go:8.82,10.16 2 0
github.com/mergerhq/merger/internal/github/checks.go:10.16,12.3 1 0
github.com/mergerhq/merger/internal/github/checks.go:14.2,24.28 2 0
github.com/mergerhq/merger/internal/github/checks.go:24.28,26.3 1 0
github.com/mergerhq/merger/internal/github/checks.go:28.2,29.12 2 0
github.com/mergerhq/merger/internal/github/client.go:17.51,19.23 2 0
github.com/mergerhq/merger/internal/github/client.go:19.23,21.17 2 0
github.com/mergerhq/merger/internal/github/client.go:21.17,23.4 1 0
github.com/mergerhq/merger/internal/github/client.go:24.3,24.19 1 0
github.com/mergerhq/merger/internal/github/client.go:27.2,28.23 2 0
github.com/mergerhq/merger/internal/github/client.go:28.23,30.3 1 0
github.com/mergerhq/merger/internal/github/client.go:32.2,40.16 3 0
github.com/mergerhq/merger/internal/github/client.go:40.16,42.3 1 0
github.com/mergerhq/merger/internal/github/client.go:43.2,45.20 2 0
github.com/mergerhq/merger/internal/github/client.go:48.64,52.2 3 0
github.com/mergerhq/merger/internal/github/contents.go:13.105,15.16 2 0
github.com/mergerhq/merger/internal/github/contents.go:15.16,17.3 1 0
github.com/mergerhq/merger/internal/github/contents.go:19.2,21.16 3 0
github.com/mergerhq/merger/internal/github/contents.go:21.16,23.3 1 0
github.com/mergerhq/merger/internal/github/contents.go:25.2,29.56 2 0
github.com/mergerhq/merger/internal/github/contents.go:29.56,31.3 1 0
github.com/mergerhq/merger/internal/github/contents.go:33.2,33.53 1 0
github.com/mergerhq/merger/internal/github/contents.go:33.53,35.3 1 0
github.com/mergerhq/merger/internal/github/contents.go:37.2,38.52 2 0
github.com/mergerhq/merger/internal/github/noop.go:10.95,12.2 1 0
github.com/mergerhq/merger/internal/github/noop.go:14.94,16.2 1 0
github.com/mergerhq/merger/internal/github/noop.go:18.89,20.2 1 0
github.com/mergerhq/merger/internal/github/noop.go:22.78,24.2 1 0
github.com/mergerhq/merger/internal/github/pull_requests.go:9.107,11.16 2 0
github.com/mergerhq/merger/internal/github/pull_requests.go:11.16,13.3 1 0
github.com/mergerhq/merger/internal/github/pull_requests.go:15.2,16.16 2 0
github.com/mergerhq/merger/internal/github/pull_requests.go:16.16,18.3 1 0
github.com/mergerhq/merger/internal/github/pull_requests.go:20.2,35.56 2 0
github.com/mergerhq/merger/internal/github/pull_requests.go:35.56,37.3 1 0
github.com/mergerhq/merger/internal/github/pull_requests.go:39.2,49.8 1 0
github.com/mergerhq/merger/internal/github/pull_requests.go:52.106,54.16 2 0
github.com/mergerhq/merger/internal/github/pull_requests.go:54.16,56.3 1 0
github.com/mergerhq/merger/internal/github/pull_requests.go:58.2,59.16 2 0
github.com/mergerhq/merger/internal/github/pull_requests.go:59.16,61.3 1 0
github.com/mergerhq/merger/internal/github/pull_requests.go:63.2,63.26 1 0
github.com/mergerhq/merger/internal/github/transport.go:12.107,14.16 2 0
github.com/mergerhq/merger/internal/github/transport.go:14.16,16.3 1 0
github.com/mergerhq/merger/internal/github/transport.go:17.2,21.18 4 0
github.com/mergerhq/merger/internal/github/transport.go:24.113,26.20 2 0
github.com/mergerhq/merger/internal/github/transport.go:26.20,28.17 2 0
github.com/mergerhq/merger/internal/github/transport.go:28.17,30.4 1 0
github.com/mergerhq/merger/internal/github/transport.go:31.3,31.36 1 0
github.com/mergerhq/merger/internal/github/transport.go:34.2,35.16 2 0
github.com/mergerhq/merger/internal/github/transport.go:35.16,37.3 1 0
github.com/mergerhq/merger/internal/github/transport.go:38.2,41.20 4 0
github.com/mergerhq/merger/internal/github/transport.go:41.20,43.3 1 0
github.com/mergerhq/merger/internal/github/transport.go:45.2,45.18 1 0
github.com/mergerhq/merger/internal/github/transport.go:48.56,50.16 2 0
github.com/mergerhq/merger/internal/github/transport.go:50.16,52.3 1 0
github.com/mergerhq/merger/internal/github/transport.go:53.2,56.16 3 0
github.com/mergerhq/merger/internal/github/transport.go:56.16,58.3 1 0
github.com/mergerhq/merger/internal/github/transport.go:60.2,60.28 1 0
github.com/mergerhq/merger/internal/github/transport.go:60.28,62.3 1 0
github.com/mergerhq/merger/internal/github/transport.go:64.2,64.18 1 0
github.com/mergerhq/merger/internal/github/webhook.go:56.54,58.2 1 0
github.com/mergerhq/merger/internal/github/webhook.go:60.66,62.17 2 0
github.com/mergerhq/merger/internal/github/webhook.go:62.17,64.3 1 0
github.com/mergerhq/merger/internal/github/webhook.go:66.2,67.16 2 0
github.com/mergerhq/merger/internal/github/webhook.go:67.16,69.3 1 0
github.com/mergerhq/merger/internal/github/webhook.go:71.2,72.50 2 0
github.com/mergerhq/merger/internal/github/webhook.go:72.50,74.3 1 0
github.com/mergerhq/merger/internal/github/webhook.go:76.2,77.55 2 0
github.com/mergerhq/merger/internal/github/webhook.go:77.55,79.3 1 0
github.com/mergerhq/merger/internal/github/webhook.go:81.2,86.8 1 0
github.com/mergerhq/merger/internal/github/webhook.go:89.72,90.20 1 0
github.com/mergerhq/merger/internal/github/webhook.go:90.20,92.3 1 0
github.com/mergerhq/merger/internal/github/webhook.go:93.2,93.21 1 0
github.com/mergerhq/merger/internal/github/webhook.go:93.21,95.3 1 0
github.com/mergerhq/merger/internal/github/webhook.go:96.2,96.46 1 0
github.com/mergerhq/merger/internal/github/webhook.go:96.46,98.3 1 0
github.com/mergerhq/merger/internal/github/webhook.go:100.2,104.54 4 0
github.com/mergerhq/merger/internal/github/webhook.go:104.54,106.3 1 0
github.com/mergerhq/merger/internal/github/webhook.go:108.2,108.12 1 0
github.com/mergerhq/merger/internal/ingest/change_packet.go:24.33,26.16 2 1
github.com/mergerhq/merger/internal/ingest/change_packet.go:26.16,28.3 1 0
github.com/mergerhq/merger/internal/ingest/change_packet.go:30.2,31.16 2 1
github.com/mergerhq/merger/internal/ingest/change_packet.go:31.16,33.3 1 0
github.com/mergerhq/merger/internal/ingest/change_packet.go:35.2,71.114 2 1
github.com/mergerhq/merger/internal/ingest/change_packet.go:71.114,73.3 1 0
github.com/mergerhq/merger/internal/ingest/change_packet.go:75.2,75.20 1 1
github.com/mergerhq/merger/internal/ingest/content_loader.go:16.98,23.2 1 1
github.com/mergerhq/merger/internal/ingest/content_loader.go:25.85,27.2 1 1
github.com/mergerhq/merger/internal/ingest/event_publishers.go:10.110,16.2 1 1
github.com/mergerhq/merger/internal/ingest/event_publishers.go:18.94,20.2 1 1
github.com/mergerhq/merger/internal/ingest/event_publishers.go:22.81,24.2 1 1
github.com/mergerhq/merger/internal/ingest/event_publishers.go:26.103,28.2 1 0
github.com/mergerhq/merger/internal/ingest/event_publishers.go:30.100,35.2 1 1
github.com/mergerhq/merger/internal/ingest/files.go:11.62,13.29 2 1
github.com/mergerhq/merger/internal/ingest/files.go:13.29,24.3 1 1
github.com/mergerhq/merger/internal/ingest/files.go:25.2,25.15 1 1
github.com/mergerhq/merger/internal/ingest/files.go:28.43,29.45 1 1
github.com/mergerhq/merger/internal/ingest/files.go:30.13,31.14 1 1
github.com/mergerhq/merger/internal/ingest/files.go:32.14,33.15 1 0
github.com/mergerhq/merger/internal/ingest/files.go:34.23,35.16 1 0
github.com/mergerhq/merger/internal/ingest/files.go:36.16,37.17 1 0
github.com/mergerhq/merger/internal/ingest/files.go:38.10,39.19 1 0
github.com/mergerhq/merger/internal/ingest/github_helpers.go:9.84,10.82 1 1
github.com/mergerhq/merger/internal/ingest/github_helpers.go:10.82,12.3 1 0
github.com/mergerhq/merger/internal/ingest/github_helpers.go:13.2,13.16 1 1
github.com/mergerhq/merger/internal/ingest/github_helpers.go:16.86,18.2 1 0
github.com/mergerhq/merger/internal/ingest/processor.go:45.14,59.2 1 1
github.com/mergerhq/merger/internal/ingest/processor.go:61.130,63.2 1 1
github.com/mergerhq/merger/internal/ingest/stages.go:13.145,22.16 3 1
github.com/mergerhq/merger/internal/ingest/stages.go:22.16,24.3 1 0
github.com/mergerhq/merger/internal/ingest/stages.go:26.2,27.50 2 1
github.com/mergerhq/merger/internal/ingest/stages.go:30.149,38.16 3 1
github.com/mergerhq/merger/internal/ingest/stages.go:38.16,40.3 1 0
github.com/mergerhq/merger/internal/ingest/stages.go:42.2,44.12 3 1
github.com/mergerhq/merger/internal/ingest/stages.go:47.88,49.16 2 1
github.com/mergerhq/merger/internal/ingest/stages.go:49.16,51.3 1 0
github.com/mergerhq/merger/internal/ingest/stages.go:53.2,55.41 3 1
github.com/mergerhq/merger/internal/ingest/stages.go:58.89,60.16 2 1
github.com/mergerhq/merger/internal/ingest/stages.go:60.16,62.3 1 0
github.com/mergerhq/merger/internal/ingest/stages.go:64.2,68.12 5 1
github.com/mergerhq/merger/internal/ingest/stages.go:71.93,73.16 2 1
github.com/mergerhq/merger/internal/ingest/stages.go:73.16,75.3 1 0
github.com/mergerhq/merger/internal/ingest/stages.go:77.2,79.12 3 1
github.com/mergerhq/merger/internal/ingest/stages.go:82.86,83.41 1 1
github.com/mergerhq/merger/internal/ingest/stages.go:83.41,84.78 1 0
github.com/mergerhq/merger/internal/ingest/stages.go:84.78,86.4 1 0
github.com/mergerhq/merger/internal/ingest/stages.go:89.2,89.72 1 1
github.com/mergerhq/merger/internal/ingest/stages.go:89.72,91.3 1 0
github.com/mergerhq/merger/internal/ingest/stages.go:93.2,93.55 1 1
github.com/mergerhq/merger/internal/ingest/stages.go:93.55,95.3 1 0
github.com/mergerhq/merger/internal/ingest/stages.go:96.2,96.20 1 1
github.com/mergerhq/merger/internal/ingest/stages.go:96.20,97.64 1 0
github.com/mergerhq/merger/internal/ingest/stages.go:97.64,99.4 1 0
github.com/mergerhq/merger/internal/ingest/stages.go:102.2,110.12 2 1
github.com/mergerhq/merger/internal/ingest/webhook_handler.go:17.93,19.2 1 0
github.com/mergerhq/merger/internal/ingest/webhook_handler.go:21.76,25.16 3 0
github.com/mergerhq/merger/internal/ingest/webhook_handler.go:25.16,28.3 2 0
github.com/mergerhq/merger/internal/ingest/webhook_handler.go:30.2,31.37 2 0
github.com/mergerhq/merger/internal/ingest/webhook_handler.go:31.37,34.3 2 0
github.com/mergerhq/merger/internal/ingest/webhook_handler.go:36.2,36.32 1 0
github.com/mergerhq/merger/internal/ingest/webhook_handler.go:37.43,37.43 0 0
github.com/mergerhq/merger/internal/ingest/webhook_handler.go:38.10,40.9 2 0
github.com/mergerhq/merger/internal/ingest/webhook_handler.go:43.2,44.16 2 0
github.com/mergerhq/merger/internal/ingest/webhook_handler.go:44.16,47.3 2 0
github.com/mergerhq/merger/internal/ingest/webhook_handler.go:49.2,54.4 2 0
github.com/mergerhq/merger/internal/ingest/workflow.go:10.130,19.102 7 1
github.com/mergerhq/merger/internal/ingest/workflow.go:19.102,21.3 1 0
github.com/mergerhq/merger/internal/ingest/workflow.go:23.2,24.16 2 1
github.com/mergerhq/merger/internal/ingest/workflow.go:24.16,26.3 1 0
github.com/mergerhq/merger/internal/ingest/workflow.go:28.2,29.16 2 1
github.com/mergerhq/merger/internal/ingest/workflow.go:29.16,31.3 1 0
github.com/mergerhq/merger/internal/ingest/workflow.go:33.2,33.91 1 1
github.com/mergerhq/merger/internal/ingest/workflow.go:33.91,35.3 1 0
github.com/mergerhq/merger/internal/ingest/workflow.go:36.2,36.95 1 1
github.com/mergerhq/merger/internal/ingest/workflow.go:36.95,38.3 1 0
github.com/mergerhq/merger/internal/ingest/workflow.go:39.2,39.50 1 1
github.com/mergerhq/merger/internal/ingest/workflow.go:39.50,41.3 1 0
github.com/mergerhq/merger/internal/ingest/workflow.go:42.2,42.51 1 1
github.com/mergerhq/merger/internal/ingest/workflow.go:42.51,44.3 1 0
github.com/mergerhq/merger/internal/ingest/workflow.go:45.2,45.55 1 1
github.com/mergerhq/merger/internal/ingest/workflow.go:45.55,47.3 1 0
github.com/mergerhq/merger/internal/ingest/workflow.go:48.2,48.48 1 1
github.com/mergerhq/merger/internal/ingest/workflow.go:48.48,50.3 1 0
github.com/mergerhq/merger/internal/ingest/workflow.go:52.2,52.20 1 1
github.com/mergerhq/merger/internal/ingest/workflow.go:55.195,57.16 2 1
github.com/mergerhq/merger/internal/ingest/workflow.go:57.16,59.3 1 1
github.com/mergerhq/merger/internal/ingest/workflow.go:61.2,71.8 1 0
github.com/mergerhq/merger/internal/lanes/assigner.go:23.52,25.2 1 1
github.com/mergerhq/merger/internal/lanes/assigner.go:27.109,28.54 1 1
github.com/mergerhq/merger/internal/lanes/assigner.go:28.54,30.3 1 0
github.com/mergerhq/merger/internal/lanes/assigner.go:32.2,32.95 1 1
github.com/mergerhq/merger/internal/lanes/assigner.go:32.95,34.3 1 0
github.com/mergerhq/merger/internal/lanes/assigner.go:36.2,36.118 1 1
github.com/mergerhq/merger/internal/lanes/assigner.go:36.118,38.3 1 0
github.com/mergerhq/merger/internal/lanes/assigner.go:40.2,40.88 1 1
github.com/mergerhq/merger/internal/lanes/assigner.go:40.88,42.3 1 1
github.com/mergerhq/merger/internal/lanes/assigner.go:44.2,44.120 1 0
github.com/mergerhq/merger/internal/lanes/assigner.go:44.120,46.3 1 0
github.com/mergerhq/merger/internal/lanes/assigner.go:48.2,48.35 1 0
github.com/mergerhq/merger/internal/lanes/assigner.go:51.63,52.44 1 1
github.com/mergerhq/merger/internal/lanes/assigner.go:52.44,53.25 1 0
github.com/mergerhq/merger/internal/lanes/assigner.go:53.25,55.4 1 0
github.com/mergerhq/merger/internal/lanes/assigner.go:57.2,57.14 1 1
github.com/mergerhq/merger/internal/lanes/assigner.go:60.62,61.17 1 1
github.com/mergerhq/merger/internal/lanes/assigner.go:61.17,63.3 1 1
github.com/mergerhq/merger/internal/lanes/assigner.go:65.2,72.33 2 0
github.com/mergerhq/merger/internal/lanes/assigner.go:72.33,74.3 1 0
github.com/mergerhq/merger/internal/lanes/assigner.go:75.2,75.14 1 0
github.com/mergerhq/merger/internal/mutations/analyzer_contract.go:13.38,13.67 1 0
github.com/mergerhq/merger/internal/mutations/analyzer_contract.go:15.63,18.2 2 1
github.com/mergerhq/merger/internal/mutations/analyzer_contract.go:20.99,21.67 1 0
github.com/mergerhq/merger/internal/mutations/analyzer_contract.go:21.67,33.3 1 0
github.com/mergerhq/merger/internal/mutations/analyzer_contract.go:35.2,36.63 2 0
github.com/mergerhq/merger/internal/mutations/analyzer_contract.go:36.63,38.3 1 0
github.com/mergerhq/merger/internal/mutations/analyzer_contract.go:39.2,39.37 1 0
github.com/mergerhq/merger/internal/mutations/analyzer_contract.go:39.37,41.3 1 0
github.com/mergerhq/merger/internal/mutations/analyzer_contract.go:43.2,53.9 1 0
github.com/mergerhq/merger/internal/mutations/analyzer_go.go:15.36,15.64 1 0
github.com/mergerhq/merger/internal/mutations/analyzer_go.go:17.61,19.2 1 1
github.com/mergerhq/merger/internal/mutations/analyzer_go.go:21.97,22.29 1 1
github.com/mergerhq/merger/internal/mutations/analyzer_go.go:22.29,24.3 1 0
github.com/mergerhq/merger/internal/mutations/analyzer_go.go:26.2,28.16 3 1
github.com/mergerhq/merger/internal/mutations/analyzer_go.go:28.16,30.3 1 0
github.com/mergerhq/merger/internal/mutations/analyzer_go.go:32.2,35.37 3 1
github.com/mergerhq/merger/internal/mutations/analyzer_go.go:35.37,38.10 3 0
github.com/mergerhq/merger/internal/mutations/analyzer_go.go:39.106,40.121 1 0
github.com/mergerhq/merger/internal/mutations/analyzer_go.go:41.113,42.121 1 0
github.com/mergerhq/merger/internal/mutations/analyzer_go.go:46.2,46.47 1 1
github.com/mergerhq/merger/internal/mutations/analyzer_go.go:46.47,47.31 1 1
github.com/mergerhq/merger/internal/mutations/analyzer_go.go:48.22,50.76 2 1
github.com/mergerhq/merger/internal/mutations/analyzer_go.go:50.76,52.5 1 1
github.com/mergerhq/merger/internal/mutations/analyzer_go.go:53.26,55.74 2 0
github.com/mergerhq/merger/internal/mutations/analyzer_go.go:55.74,57.5 1 0
github.com/mergerhq/merger/internal/mutations/analyzer_go.go:59.3,59.14 1 1
github.com/mergerhq/merger/internal/mutations/analyzer_go.go:62.2,63.26 2 1
github.com/mergerhq/merger/internal/mutations/analyzer_go.go:63.26,75.3 1 1
github.com/mergerhq/merger/internal/mutations/analyzer_go.go:76.2,76.26 1 1
github.com/mergerhq/merger/internal/mutations/analyzer_go.go:76.26,88.3 1 0
github.com/mergerhq/merger/internal/mutations/analyzer_go.go:90.2,90.23 1 1
github.com/mergerhq/merger/internal/mutations/analyzer_helpers.go:5.59,6.39 1 1
github.com/mergerhq/merger/internal/mutations/analyzer_helpers.go:6.39,7.41 1 1
github.com/mergerhq/merger/internal/mutations/analyzer_helpers.go:7.41,9.4 1 1
github.com/mergerhq/merger/internal/mutations/analyzer_helpers.go:11.2,11.14 1 0
github.com/mergerhq/merger/internal/mutations/analyzer_helpers.go:14.65,16.33 2 0
github.com/mergerhq/merger/internal/mutations/analyzer_helpers.go:16.33,18.19 2 0
github.com/mergerhq/merger/internal/mutations/analyzer_helpers.go:18.19,20.4 1 0
github.com/mergerhq/merger/internal/mutations/analyzer_helpers.go:21.3,23.32 2 0
github.com/mergerhq/merger/internal/mutations/analyzer_helpers.go:24.23,25.52 1 0
github.com/mergerhq/merger/internal/mutations/analyzer_helpers.go:26.14,27.31 1 0
github.com/mergerhq/merger/internal/mutations/analyzer_helpers.go:27.31,29.11 2 0
github.com/mergerhq/merger/internal/mutations/analyzer_helpers.go:29.11,31.6 1 0
github.com/mergerhq/merger/internal/mutations/analyzer_helpers.go:35.2,35.13 1 0
github.com/mergerhq/merger/internal/mutations/analyzer_manifest.go:12.39,12.69 1 0
github.com/mergerhq/merger/internal/mutations/analyzer_manifest.go:14.64,15.51 1 1
github.com/mergerhq/merger/internal/mutations/analyzer_manifest.go:16.63,17.14 1 0
github.com/mergerhq/merger/internal/mutations/analyzer_manifest.go:18.10,19.15 1 1
github.com/mergerhq/merger/internal/mutations/analyzer_manifest.go:23.100,35.2 1 0
github.com/mergerhq/merger/internal/mutations/analyzer_registry.go:9.36,17.2 1 1
github.com/mergerhq/merger/internal/mutations/analyzer_runtime_config.go:14.44,14.80 1 0
github.com/mergerhq/merger/internal/mutations/analyzer_runtime_config.go:16.69,18.37 2 1
github.com/mergerhq/merger/internal/mutations/analyzer_runtime_config.go:18.37,20.3 1 1
github.com/mergerhq/merger/internal/mutations/analyzer_runtime_config.go:21.2,22.66 2 0
github.com/mergerhq/merger/internal/mutations/analyzer_runtime_config.go:25.105,27.63 2 0
github.com/mergerhq/merger/internal/mutations/analyzer_runtime_config.go:27.63,29.3 1 0
github.com/mergerhq/merger/internal/mutations/analyzer_runtime_config.go:31.2,32.27 2 0
github.com/mergerhq/merger/internal/mutations/analyzer_runtime_config.go:32.27,33.103 1 0
github.com/mergerhq/merger/internal/mutations/analyzer_runtime_config.go:33.103,45.4 1 0
github.com/mergerhq/merger/internal/mutations/analyzer_runtime_config.go:48.2,48.17 1 0
github.com/mergerhq/merger/internal/mutations/analyzer_sql.go:13.37,13.66 1 0
github.com/mergerhq/merger/internal/mutations/analyzer_sql.go:15.62,17.2 1 1
github.com/mergerhq/merger/internal/mutations/analyzer_sql.go:19.98,21.102 2 0
github.com/mergerhq/merger/internal/mutations/analyzer_sql.go:21.102,23.3 1 0
github.com/mergerhq/merger/internal/mutations/analyzer_sql.go:25.2,35.9 1 0
github.com/mergerhq/merger/internal/mutations/engine.go:50.108,52.2 1 1
github.com/mergerhq/merger/internal/mutations/engine.go:54.39,56.2 1 1
github.com/mergerhq/merger/internal/mutations/engine.go:58.109,61.37 2 1
github.com/mergerhq/merger/internal/mutations/engine.go:61.37,63.17 2 1
github.com/mergerhq/merger/internal/mutations/engine.go:63.17,65.4 1 0
github.com/mergerhq/merger/internal/mutations/engine.go:67.3,67.32 1 1
github.com/mergerhq/merger/internal/mutations/engine.go:67.32,68.41 1 1
github.com/mergerhq/merger/internal/mutations/engine.go:68.41,69.13 1 1
github.com/mergerhq/merger/internal/mutations/engine.go:72.4,82.6 1 1
github.com/mergerhq/merger/internal/mutations/engine.go:85.3,86.40 2 1
github.com/mergerhq/merger/internal/mutations/engine.go:86.40,87.32 1 1
github.com/mergerhq/merger/internal/mutations/engine.go:87.32,88.13 1 1
github.com/mergerhq/merger/internal/mutations/engine.go:91.4,97.18 2 1
github.com/mergerhq/merger/internal/mutations/engine.go:97.18,99.5 1 0
github.com/mergerhq/merger/internal/mutations/engine.go:101.4,101.39 1 1
github.com/mergerhq/merger/internal/mutations/engine.go:101.39,103.5 1 1
github.com/mergerhq/merger/internal/mutations/engine.go:107.2,107.47 1 1
github.com/mergerhq/merger/internal/mutations/engine.go:107.47,116.38 2 0
github.com/mergerhq/merger/internal/mutations/engine.go:116.38,118.4 1 0
github.com/mergerhq/merger/internal/mutations/engine.go:119.3,119.31 1 0
github.com/mergerhq/merger/internal/mutations/engine.go:122.2,123.33 2 1
github.com/mergerhq/merger/internal/mutations/engine.go:123.33,125.3 1 1
github.com/mergerhq/merger/internal/mutations/engine.go:127.2,127.23 1 1
github.com/mergerhq/merger/internal/mutations/engine_helpers.go:11.121,19.41 3 1
github.com/mergerhq/merger/internal/mutations/engine_helpers.go:19.41,20.32 1 1
github.com/mergerhq/merger/internal/mutations/engine_helpers.go:20.32,21.12 1 1
github.com/mergerhq/merger/internal/mutations/engine_helpers.go:24.3,25.17 2 1
github.com/mergerhq/merger/internal/mutations/engine_helpers.go:25.17,27.4 1 0
github.com/mergerhq/merger/internal/mutations/engine_helpers.go:28.3,28.42 1 1
github.com/mergerhq/merger/internal/mutations/engine_helpers.go:31.2,31.21 1 1
github.com/mergerhq/merger/internal/mutations/engine_helpers.go:34.90,35.19 1 1
github.com/mergerhq/merger/internal/mutations/engine_helpers.go:35.19,37.3 1 0
github.com/mergerhq/merger/internal/mutations/engine_helpers.go:38.2,38.31 1 1
github.com/mergerhq/merger/internal/mutations/extractors.go:16.44,23.2 1 1
github.com/mergerhq/merger/internal/mutations/extractors.go:25.45,25.74 1 0
github.com/mergerhq/merger/internal/mutations/extractors.go:27.70,29.2 1 1
github.com/mergerhq/merger/internal/mutations/extractors.go:31.116,35.38 3 1
github.com/mergerhq/merger/internal/mutations/extractors.go:35.38,37.3 1 1
github.com/mergerhq/merger/internal/mutations/extractors.go:38.2,38.112 1 1
github.com/mergerhq/merger/internal/mutations/extractors.go:38.112,40.3 1 1
github.com/mergerhq/merger/internal/mutations/extractors.go:42.2,42.21 1 1
github.com/mergerhq/merger/internal/mutations/extractors.go:45.41,45.65 1 0
github.com/mergerhq/merger/internal/mutations/extractors.go:47.66,49.2 1 1
github.com/mergerhq/merger/internal/mutations/extractors.go:51.112,53.128 2 0
github.com/mergerhq/merger/internal/mutations/extractors.go:53.128,55.3 1 0
github.com/mergerhq/merger/internal/mutations/extractors.go:56.2,56.17 1 0
github.com/mergerhq/merger/internal/mutations/extractors.go:59.42,59.67 1 0
github.com/mergerhq/merger/internal/mutations/extractors.go:61.67,64.2 2 1
github.com/mergerhq/merger/internal/mutations/extractors.go:66.113,70.100 3 0
github.com/mergerhq/merger/internal/mutations/extractors.go:70.100,71.35 1 0
github.com/mergerhq/merger/internal/mutations/extractors.go:71.35,73.9 2 0
github.com/mergerhq/merger/internal/mutations/extractors.go:77.2,77.61 1 0
github.com/mergerhq/merger/internal/mutations/extractors.go:77.61,79.3 1 0
github.com/mergerhq/merger/internal/mutations/extractors.go:81.2,81.21 1 0
github.com/mergerhq/merger/internal/mutations/extractors.go:84.46,84.75 1 0
github.com/mergerhq/merger/internal/mutations/extractors.go:86.71,88.14 2 1
github.com/mergerhq/merger/internal/mutations/extractors.go:89.63,90.14 1 0
github.com/mergerhq/merger/internal/mutations/extractors.go:91.10,92.15 1 1
github.com/mergerhq/merger/internal/mutations/extractors.go:96.117,98.2 1 0
github.com/mergerhq/merger/internal/mutations/mutation_index.go:8.93,10.20 2 1
github.com/mergerhq/merger/internal/mutations/mutation_index.go:10.20,12.29 2 1
github.com/mergerhq/merger/internal/mutations/mutation_index.go:12.29,14.4 1 0
github.com/mergerhq/merger/internal/mutations/mutation_index.go:15.3,16.9 2 1
github.com/mergerhq/merger/internal/mutations/mutation_index.go:19.2,21.47 3 1
github.com/mergerhq/merger/internal/mutations/mutation_index.go:21.47,23.3 1 1
github.com/mergerhq/merger/internal/mutations/mutation_index.go:24.2,24.71 1 1
github.com/mergerhq/merger/internal/mutations/mutation_index.go:24.71,26.3 1 0
github.com/mergerhq/merger/internal/mutations/mutation_index.go:27.2,27.25 1 1
github.com/mergerhq/merger/internal/mutations/mutation_index.go:27.25,29.3 1 0
github.com/mergerhq/merger/internal/mutations/mutation_index.go:30.2,30.31 1 1
github.com/mergerhq/merger/internal/mutations/mutation_index.go:30.31,32.3 1 0
github.com/mergerhq/merger/internal/mutations/mutation_index.go:33.2,33.28 1 1
github.com/mergerhq/merger/internal/mutations/mutation_index.go:33.28,35.3 1 0
github.com/mergerhq/merger/internal/mutations/mutation_index.go:38.74,39.39 1 1
github.com/mergerhq/merger/internal/mutations/mutation_index.go:39.39,41.32 2 1
github.com/mergerhq/merger/internal/mutations/mutation_index.go:41.32,42.26 1 1
github.com/mergerhq/merger/internal/mutations/mutation_index.go:42.26,44.10 2 1
github.com/mergerhq/merger/internal/mutations/mutation_index.go:47.3,47.13 1 1
github.com/mergerhq/merger/internal/mutations/mutation_index.go:47.13,49.4 1 0
github.com/mergerhq/merger/internal/mutations/mutation_index.go:51.2,51.15 1 1
github.com/mergerhq/merger/internal/mutations/mutation_index.go:54.118,55.39 1 1
github.com/mergerhq/merger/internal/mutations/mutation_index.go:55.39,57.32 2 1
github.com/mergerhq/merger/internal/mutations/mutation_index.go:57.32,58.74 1 1
github.com/mergerhq/merger/internal/mutations/mutation_index.go:58.74,60.10 2 0
github.com/mergerhq/merger/internal/mutations/mutation_index.go:63.3,63.13 1 1
github.com/mergerhq/merger/internal/mutations/mutation_index.go:63.13,65.4 1 1
github.com/mergerhq/merger/internal/mutations/mutation_index.go:67.2,67.15 1 1
github.com/mergerhq/merger/internal/mutations/mutation_index.go:70.46,71.15 1 1
github.com/mergerhq/merger/internal/mutations/mutation_index.go:72.31,73.11 1 0
github.com/mergerhq/merger/internal/mutations/mutation_index.go:74.27,75.11 1 1
github.com/mergerhq/merger/internal/mutations/mutation_index.go:76.29,77.11 1 0
github.com/mergerhq/merger/internal/mutations/mutation_index.go:78.10,79.11 1 0
github.com/mergerhq/merger/internal/mutations/rule_catalog.go:19.28,98.2 1 1
github.com/mergerhq/merger/internal/mutations/rule_matchers.go:10.78,14.85 2 1
github.com/mergerhq/merger/internal/mutations/rule_matchers.go:14.85,16.3 1 1
github.com/mergerhq/merger/internal/mutations/rule_matchers.go:18.2,18.33 1 1
github.com/mergerhq/merger/internal/mutations/rule_matchers.go:18.33,20.3 1 1
github.com/mergerhq/merger/internal/mutations/rule_matchers.go:22.2,22.33 1 1
github.com/mergerhq/merger/internal/mutations/rule_matchers.go:22.33,23.46 1 1
github.com/mergerhq/merger/internal/mutations/rule_matchers.go:23.46,24.49 1 1
github.com/mergerhq/merger/internal/mutations/rule_matchers.go:24.49,26.5 1 0
github.com/mergerhq/merger/internal/mutations/rule_matchers.go:30.2,30.14 1 1
github.com/mergerhq/merger/internal/mutations/rule_matchers.go:33.62,34.34 1 1
github.com/mergerhq/merger/internal/mutations/rule_matchers.go:34.34,35.56 1 1
github.com/mergerhq/merger/internal/mutations/rule_matchers.go:35.56,37.4 1 0
github.com/mergerhq/merger/internal/mutations/rule_matchers.go:39.2,39.14 1 1
github.com/mergerhq/merger/internal/mutations/rule_matchers.go:42.65,43.35 1 1
github.com/mergerhq/merger/internal/mutations/rule_matchers.go:43.35,44.56 1 1
github.com/mergerhq/merger/internal/mutations/rule_matchers.go:44.56,46.4 1 1
github.com/mergerhq/merger/internal/mutations/rule_matchers.go:48.2,48.14 1 1
github.com/mergerhq/merger/internal/mutations/rule_matchers.go:51.57,52.34 1 1
github.com/mergerhq/merger/internal/mutations/rule_matchers.go:52.34,53.56 1 1
github.com/mergerhq/merger/internal/mutations/rule_matchers.go:53.56,55.4 1 0
github.com/mergerhq/merger/internal/mutations/rule_matchers.go:57.2,57.14 1 1
github.com/mergerhq/merger/internal/mutations/rule_matchers.go:60.56,61.29 1 1
github.com/mergerhq/merger/internal/mutations/rule_matchers.go:61.29,64.9 3 1
github.com/mergerhq/merger/internal/mutations/rule_matchers.go:64.9,66.4 1 0
github.com/mergerhq/merger/internal/mutations/rule_matchers.go:67.3,67.68 1 1
github.com/mergerhq/merger/internal/mutations/rule_matchers.go:67.68,69.4 1 0
github.com/mergerhq/merger/internal/mutations/rule_matchers.go:71.2,71.14 1 1
github.com/mergerhq/merger/internal/policy/engine.go:25.47,27.2 1 1
github.com/mergerhq/merger/internal/policy/engine.go:29.98,40.41 2 1
github.com/mergerhq/merger/internal/policy/engine.go:40.41,41.33 1 0
github.com/mergerhq/merger/internal/policy/engine.go:41.33,42.12 1 0
github.com/mergerhq/merger/internal/policy/engine.go:44.3,44.31 1 0
github.com/mergerhq/merger/internal/policy/engine.go:47.2,48.24 2 1
github.com/mergerhq/merger/internal/policy/evaluation.go:10.57,12.28 2 0
github.com/mergerhq/merger/internal/policy/evaluation.go:12.28,14.3 1 0
github.com/mergerhq/merger/internal/policy/evaluation.go:16.2,19.37 4 0
github.com/mergerhq/merger/internal/policy/evaluation.go:22.73,23.50 1 0
github.com/mergerhq/merger/internal/policy/evaluation.go:23.50,29.3 1 0
github.com/mergerhq/merger/internal/policy/evaluation.go:32.73,33.49 1 0
github.com/mergerhq/merger/internal/policy/evaluation.go:33.49,41.3 1 0
github.com/mergerhq/merger/internal/policy/evaluation.go:44.75,45.44 1 0
github.com/mergerhq/merger/internal/policy/evaluation.go:45.44,47.3 1 0
github.com/mergerhq/merger/internal/policy/evaluation.go:48.2,48.51 1 0
github.com/mergerhq/merger/internal/policy/evaluation.go:48.51,50.3 1 0
github.com/mergerhq/merger/internal/policy/evaluation.go:51.2,52.137 2 0
github.com/mergerhq/merger/internal/policy/evaluation.go:55.65,56.35 1 0
github.com/mergerhq/merger/internal/policy/evaluation.go:56.35,58.3 1 0
github.com/mergerhq/merger/internal/policy/evaluation.go:60.2,60.23 1 0
github.com/mergerhq/merger/internal/policy/evaluation.go:60.23,68.3 3 0
github.com/mergerhq/merger/internal/policy/evaluation.go:70.2,70.67 1 0
github.com/mergerhq/merger/internal/policy/evaluation.go:70.67,72.3 1 0
github.com/mergerhq/merger/internal/policy/evaluation.go:75.47,77.39 2 1
github.com/mergerhq/merger/internal/policy/evaluation.go:77.39,79.3 1 1
github.com/mergerhq/merger/internal/policy/helpers.go:9.131,10.31 1 0
github.com/mergerhq/merger/internal/policy/helpers.go:10.31,11.52 1 0
github.com/mergerhq/merger/internal/policy/helpers.go:11.52,13.4 1 0
github.com/mergerhq/merger/internal/policy/helpers.go:15.2,15.34 1 0
github.com/mergerhq/merger/internal/policy/helpers.go:18.131,19.31 1 0
github.com/mergerhq/merger/internal/policy/helpers.go:19.31,20.35 1 0
github.com/mergerhq/merger/internal/policy/helpers.go:20.35,22.4 1 0
github.com/mergerhq/merger/internal/policy/helpers.go:24.2,24.34 1 0
github.com/mergerhq/merger/internal/policy/helpers.go:27.54,28.13 1 0
github.com/mergerhq/merger/internal/policy/helpers.go:28.13,30.3 1 0
github.com/mergerhq/merger/internal/policy/helpers.go:32.2,38.25 2 0
github.com/mergerhq/merger/internal/policy/helpers.go:38.25,40.3 1 0
github.com/mergerhq/merger/internal/policy/helpers.go:41.2,41.10 1 0
github.com/mergerhq/merger/internal/policy/loader.go:9.46,11.16 2 0
github.com/mergerhq/merger/internal/policy/loader.go:11.16,13.3 1 0
github.com/mergerhq/merger/internal/policy/loader.go:15.2,16.53 2 0
github.com/mergerhq/merger/internal/policy/loader.go:16.53,18.3 1 0
github.com/mergerhq/merger/internal/policy/loader.go:20.2,20.20 1 0
github.com/mergerhq/merger/internal/policy/matchers.go:9.68,10.88 1 0
github.com/mergerhq/merger/internal/policy/matchers.go:10.88,12.3 1 0
github.com/mergerhq/merger/internal/policy/matchers.go:13.2,13.80 1 0
github.com/mergerhq/merger/internal/policy/matchers.go:13.80,15.3 1 0
github.com/mergerhq/merger/internal/policy/matchers.go:16.2,16.115 1 0
github.com/mergerhq/merger/internal/policy/matchers.go:16.115,18.3 1 0
github.com/mergerhq/merger/internal/policy/matchers.go:19.2,19.85 1 0
github.com/mergerhq/merger/internal/policy/matchers.go:19.85,21.3 1 0
github.com/mergerhq/merger/internal/policy/matchers.go:22.2,22.97 1 0
github.com/mergerhq/merger/internal/policy/matchers.go:22.97,24.3 1 0
github.com/mergerhq/merger/internal/policy/matchers.go:26.2,26.13 1 0
github.com/mergerhq/merger/internal/policy/matchers.go:29.89,30.44 1 0
github.com/mergerhq/merger/internal/policy/matchers.go:30.44,31.30 1 0
github.com/mergerhq/merger/internal/policy/matchers.go:31.30,32.29 1 0
github.com/mergerhq/merger/internal/policy/matchers.go:32.29,34.5 1 0
github.com/mergerhq/merger/internal/policy/matchers.go:37.2,37.14 1 0
github.com/mergerhq/merger/internal/policy/matchers.go:40.79,41.36 1 0
github.com/mergerhq/merger/internal/policy/matchers.go:41.36,42.36 1 0
github.com/mergerhq/merger/internal/policy/matchers.go:42.36,43.78 1 0
github.com/mergerhq/merger/internal/policy/matchers.go:43.78,45.5 1 0
github.com/mergerhq/merger/internal/policy/matchers.go:48.2,48.14 1 0
github.com/mergerhq/merger/internal/policy/matchers.go:51.90,52.31 1 0
github.com/mergerhq/merger/internal/policy/matchers.go:52.31,53.25 1 0
github.com/mergerhq/merger/internal/policy/matchers.go:53.25,55.4 1 0
github.com/mergerhq/merger/internal/policy/matchers.go:57.2,57.14 1 0
github.com/mergerhq/merger/internal/policy/matchers.go:60.75,61.41 1 0
github.com/mergerhq/merger/internal/policy/matchers.go:61.41,62.30 1 0
github.com/mergerhq/merger/internal/policy/matchers.go:62.30,63.43 1 0
github.com/mergerhq/merger/internal/policy/matchers.go:63.43,65.5 1 0
github.com/mergerhq/merger/internal/policy/matchers.go:68.2,68.14 1 0
github.com/mergerhq/merger/internal/risk/classification.go:5.81,6.14 1 1
github.com/mergerhq/merger/internal/risk/classification.go:7.41,8.120 1 1
github.com/mergerhq/merger/internal/risk/classification.go:9.37,10.130 1 0
github.com/mergerhq/merger/internal/risk/classification.go:11.71,12.99 1 0
github.com/mergerhq/merger/internal/risk/classification.go:13.33,14.115 1 0
github.com/mergerhq/merger/internal/risk/classification.go:15.10,16.96 1 0
github.com/mergerhq/merger/internal/risk/defaults.go:5.51,17.2 1 1
github.com/mergerhq/merger/internal/risk/engine.go:17.38,19.2 1 1
github.com/mergerhq/merger/internal/risk/evaluation.go:10.125,14.44 3 1
github.com/mergerhq/merger/internal/risk/evaluation.go:14.44,16.3 1 1
github.com/mergerhq/merger/internal/risk/evaluation.go:18.2,27.15 5 1
github.com/mergerhq/merger/internal/risk/evaluation.go:30.119,35.20 4 1
github.com/mergerhq/merger/internal/risk/evaluation.go:35.20,43.3 2 1
github.com/mergerhq/merger/internal/risk/evaluation.go:45.2,48.13 4 1
github.com/mergerhq/merger/internal/risk/evaluation.go:51.77,52.21 1 1
github.com/mergerhq/merger/internal/risk/evaluation.go:53.30,54.20 1 0
github.com/mergerhq/merger/internal/risk/evaluation.go:55.31,56.20 1 0
github.com/mergerhq/merger/internal/risk/evaluation.go:57.10,58.15 1 1
github.com/mergerhq/merger/internal/risk/evaluation.go:62.54,63.20 1 1
github.com/mergerhq/merger/internal/risk/evaluation.go:63.20,65.3 1 0
github.com/mergerhq/merger/internal/risk/evaluation.go:66.2,66.14 1 1
github.com/mergerhq/merger/internal/risk/evaluation.go:69.103,73.34 3 1
github.com/mergerhq/merger/internal/risk/evaluation.go:73.34,77.3 3 1
github.com/mergerhq/merger/internal/risk/evaluation.go:79.2,79.28 1 1
github.com/mergerhq/merger/internal/risk/helpers.go:5.51,6.9 1 1
github.com/mergerhq/merger/internal/risk/helpers.go:7.19,8.33 1 0
github.com/mergerhq/merger/internal/risk/helpers.go:9.19,10.29 1 0
github.com/mergerhq/merger/internal/risk/helpers.go:11.19,12.31 1 1
github.com/mergerhq/merger/internal/risk/helpers.go:13.10,14.28 1 0
github.com/mergerhq/merger/internal/risk/helpers.go:18.32,19.17 1 1
github.com/mergerhq/merger/internal/risk/helpers.go:19.17,21.3 1 0
github.com/mergerhq/merger/internal/risk/helpers.go:22.2,22.15 1 1
github.com/mergerhq/merger/internal/risk/helpers.go:22.15,24.3 1 0
github.com/mergerhq/merger/internal/risk/helpers.go:25.2,25.14 1 1
github.com/mergerhq/merger/internal/risk/helpers.go:28.67,29.39 1 1
github.com/mergerhq/merger/internal/risk/helpers.go:29.39,31.32 2 1
github.com/mergerhq/merger/internal/risk/helpers.go:31.32,32.26 1 0
github.com/mergerhq/merger/internal/risk/helpers.go:32.26,34.10 2 0
github.com/mergerhq/merger/internal/risk/helpers.go:37.3,37.13 1 1
github.com/mergerhq/merger/internal/risk/helpers.go:37.13,39.4 1 1
github.com/mergerhq/merger/internal/risk/helpers.go:41.2,41.15 1 1
github.com/mergerhq/merger/internal/runtimegraph/criticality.go:5.52,6.15 1 1
github.com/mergerhq/merger/internal/runtimegraph/criticality.go:7.31,8.11 1 0
github.com/mergerhq/merger/internal/runtimegraph/criticality.go:9.30,10.11 1 0
github.com/mergerhq/merger/internal/runtimegraph/criticality.go:11.32,12.11 1 1
github.com/mergerhq/merger/internal/runtimegraph/criticality.go:13.10,14.11 1 1
github.com/mergerhq/merger/internal/runtimegraph/resolver.go:13.44,18.30 2 1
github.com/mergerhq/merger/internal/runtimegraph/resolver.go:18.30,20.3 1 0
github.com/mergerhq/merger/internal/runtimegraph/resolver.go:21.2,21.35 1 1
github.com/mergerhq/merger/internal/runtimegraph/resolver.go:24.135,29.35 4 1
github.com/mergerhq/merger/internal/runtimegraph/resolver.go:29.35,31.17 2 1
github.com/mergerhq/merger/internal/runtimegraph/resolver.go:31.17,33.4 1 0
github.com/mergerhq/merger/internal/runtimegraph/resolver.go:35.3,38.57 4 1
github.com/mergerhq/merger/internal/runtimegraph/resolver.go:41.2,45.28 4 1
github.com/mergerhq/merger/internal/runtimegraph/resolver.go:45.28,47.3 1 0
github.com/mergerhq/merger/internal/runtimegraph/resolver.go:49.2,49.28 1 1
github.com/mergerhq/merger/internal/runtimegraph/resolver.go:52.43,57.2 1 1
github.com/mergerhq/merger/internal/runtimegraph/resolver.go:59.82,60.33 1 1
github.com/mergerhq/merger/internal/runtimegraph/resolver.go:60.33,62.3 1 1
github.com/mergerhq/merger/internal/runtimegraph/resolver.go:65.96,66.31 1 1
github.com/mergerhq/merger/internal/runtimegraph/resolver.go:66.31,68.3 1 1
github.com/mergerhq/merger/internal/runtimegraph/resolver.go:71.85,72.70 1 1
github.com/mergerhq/merger/internal/runtimegraph/resolver.go:72.70,74.3 1 0
github.com/mergerhq/merger/internal/runtimegraph/resolver.go:77.81,78.23 1 1
github.com/mergerhq/merger/internal/runtimegraph/resolver.go:79.9,80.35 1 0
github.com/mergerhq/merger/internal/runtimegraph/resolver.go:81.9,82.36 1 1
github.com/mergerhq/merger/internal/runtimegraph/resolver.go:83.10,84.37 1 0
github.com/mergerhq/merger/internal/runtimegraph/resolver.go:88.79,90.31 2 1
github.com/mergerhq/merger/internal/runtimegraph/resolver.go:90.31,92.3 1 1
github.com/mergerhq/merger/internal/runtimegraph/resolver.go:93.2,93.16 1 1
github.com/mergerhq/merger/internal/runtimegraph/resolver.go:96.94,98.30 2 1
github.com/mergerhq/merger/internal/runtimegraph/resolver.go:98.30,100.3 1 1
github.com/mergerhq/merger/internal/runtimegraph/resolver.go:101.2,101.15 1 1
github.com/mergerhq/merger/internal/runtimegraph/source_codeowners.go:12.39,12.69 1 0
github.com/mergerhq/merger/internal/runtimegraph/source_codeowners.go:14.95,15.25 1 0
github.com/mergerhq/merger/internal/runtimegraph/source_codeowners.go:15.25,17.3 1 0
github.com/mergerhq/merger/internal/runtimegraph/source_codeowners.go:19.2,20.37 2 0
github.com/mergerhq/merger/internal/runtimegraph/source_codeowners.go:20.37,22.3 1 0
github.com/mergerhq/merger/internal/runtimegraph/source_codeowners.go:23.2,23.23 1 0
github.com/mergerhq/merger/internal/runtimegraph/source_codeowners.go:23.23,25.3 1 0
github.com/mergerhq/merger/internal/runtimegraph/source_codeowners.go:27.2,29.33 3 0
github.com/mergerhq/merger/internal/runtimegraph/source_codeowners.go:29.33,31.3 1 0
github.com/mergerhq/merger/internal/runtimegraph/source_codeowners.go:33.2,33.22 1 0
github.com/mergerhq/merger/internal/runtimegraph/source_codeowners.go:36.98,40.29 3 0
github.com/mergerhq/merger/internal/runtimegraph/source_codeowners.go:40.29,41.30 1 0
github.com/mergerhq/merger/internal/runtimegraph/source_codeowners.go:41.30,43.50 2 0
github.com/mergerhq/merger/internal/runtimegraph/source_codeowners.go:43.50,44.13 1 0
github.com/mergerhq/merger/internal/runtimegraph/source_codeowners.go:47.4,48.23 2 0
github.com/mergerhq/merger/internal/runtimegraph/source_codeowners.go:48.23,49.13 1 0
github.com/mergerhq/merger/internal/runtimegraph/source_codeowners.go:52.4,53.64 2 0
github.com/mergerhq/merger/internal/runtimegraph/source_codeowners.go:53.64,54.13 1 0
github.com/mergerhq/merger/internal/runtimegraph/source_codeowners.go:57.4,63.5 2 0
github.com/mergerhq/merger/internal/runtimegraph/source_codeowners.go:67.2,68.32 2 0
github.com/mergerhq/merger/internal/runtimegraph/source_codeowners.go:68.32,70.3 1 0
github.com/mergerhq/merger/internal/runtimegraph/source_codeowners.go:71.2,71.15 1 0
github.com/mergerhq/merger/internal/runtimegraph/source_manifest.go:15.37,15.65 1 0
github.com/mergerhq/merger/internal/runtimegraph/source_manifest.go:17.93,20.42 2 1
github.com/mergerhq/merger/internal/runtimegraph/source_manifest.go:20.42,22.38 2 1
github.com/mergerhq/merger/internal/runtimegraph/source_manifest.go:22.38,23.12 1 1
github.com/mergerhq/merger/internal/runtimegraph/source_manifest.go:26.3,26.26 1 0
github.com/mergerhq/merger/internal/runtimegraph/source_manifest.go:26.26,27.12 1 0
github.com/mergerhq/merger/internal/runtimegraph/source_manifest.go:30.3,31.38 2 0
github.com/mergerhq/merger/internal/runtimegraph/source_manifest.go:31.38,32.12 1 0
github.com/mergerhq/merger/internal/runtimegraph/source_manifest.go:35.3,36.10 2 0
github.com/mergerhq/merger/internal/runtimegraph/source_manifest.go:36.10,37.12 1 0
github.com/mergerhq/merger/internal/runtimegraph/source_manifest.go:40.3,41.109 2 0
github.com/mergerhq/merger/internal/runtimegraph/source_manifest.go:44.2,44.22 1 1
github.com/mergerhq/merger/internal/runtimegraph/source_manifest.go:47.67,49.57 2 0
github.com/mergerhq/merger/internal/runtimegraph/source_manifest.go:49.57,51.3 1 0
github.com/mergerhq/merger/internal/runtimegraph/source_manifest.go:53.2,56.30 4 0
github.com/mergerhq/merger/internal/runtimegraph/source_manifest.go:56.30,58.3 1 0
github.com/mergerhq/merger/internal/runtimegraph/source_manifest.go:60.2,61.87 2 0
github.com/mergerhq/merger/internal/runtimegraph/source_manifest.go:61.87,63.3 1 0
github.com/mergerhq/merger/internal/runtimegraph/source_manifest.go:65.2,70.9 1 0
github.com/mergerhq/merger/internal/runtimegraph/source_repository_topology.go:12.47,12.79 1 0
github.com/mergerhq/merger/internal/runtimegraph/source_repository_topology.go:14.101,18.42 3 1
github.com/mergerhq/merger/internal/runtimegraph/source_repository_topology.go:18.42,20.21 2 1
github.com/mergerhq/merger/internal/runtimegraph/source_repository_topology.go:20.21,21.12 1 0
github.com/mergerhq/merger/internal/runtimegraph/source_repository_topology.go:24.3,24.19 1 1
github.com/mergerhq/merger/internal/runtimegraph/source_repository_topology.go:25.45,38.5 3 1
github.com/mergerhq/merger/internal/runtimegraph/source_repository_topology.go:42.2,45.35 2 1
github.com/mergerhq/merger/internal/runtimegraph/source_repository_topology.go:45.35,47.3 1 1
github.com/mergerhq/merger/internal/runtimegraph/source_repository_topology.go:48.2,48.31 1 1
github.com/mergerhq/merger/internal/runtimegraph/source_repository_topology.go:48.31,50.3 1 1
github.com/mergerhq/merger/internal/runtimegraph/source_repository_topology.go:51.2,51.22 1 1
github.com/mergerhq/merger/internal/store/memory.go:20.46,26.2 1 0
github.com/mergerhq/merger/internal/store/memory.go:28.98,35.2 5 0
github.com/mergerhq/merger/internal/store/memory.go:37.103,42.9 4 0
github.com/mergerhq/merger/internal/store/memory.go:42.9,44.3 1 0
github.com/mergerhq/merger/internal/store/memory.go:45.2,45.20 1 0
github.com/mergerhq/merger/internal/store/memory.go:48.107,53.41 4 0
github.com/mergerhq/merger/internal/store/memory.go:53.41,55.3 1 0
github.com/mergerhq/merger/internal/store/memory.go:57.2,57.42 1 0
github.com/mergerhq/merger/internal/store/memory.go:57.42,59.3 1 0
github.com/mergerhq/merger/internal/store/memory.go:60.2,60.39 1 0
github.com/mergerhq/merger/internal/store/memory.go:60.39,62.3 1 0
github.com/mergerhq/merger/internal/store/memory.go:64.2,64.21 1 0
github.com/mergerhq/merger/internal/store/memory.go:67.86,72.2 4 0
github.com/mergerhq/merger/internal/store/memory.go:74.113,78.55 3 0
github.com/mergerhq/merger/internal/store/memory.go:78.55,80.3 1 0
github.com/mergerhq/merger/internal/store/memory.go:81.2,81.34 1 0
github.com/mergerhq/merger/internal/store/memory.go:81.34,83.3 1 0
github.com/mergerhq/merger/internal/store/memory.go:84.2,85.12 2 0
github.com/mergerhq/merger/internal/store/memory.go:88.129,94.35 5 0
github.com/mergerhq/merger/internal/store/memory.go:94.35,96.3 1 0
github.com/mergerhq/merger/internal/store/memory.go:97.2,97.45 1 0
github.com/mergerhq/merger/internal/store/memory.go:97.45,99.3 1 0
github.com/mergerhq/merger/internal/store/memory.go:100.2,100.24 1 0
github.com/mergerhq/merger/internal/store/memory.go:103.59,103.73 1 0
github.com/mergerhq/merger/internal/store/memory.go:104.59,104.73 1 0
github.com/mergerhq/merger/internal/store/memory.go:106.77,107.40 1 0
github.com/mergerhq/merger/internal/store/memory.go:107.40,109.3 1 0
github.com/mergerhq/merger/internal/store/memory.go:110.2,110.46 1 0
github.com/mergerhq/merger/internal/store/memory.go:110.46,112.9 2 0
github.com/mergerhq/merger/internal/store/memory.go:112.9,116.12 4 0
github.com/mergerhq/merger/internal/store/memory.go:119.3,127.4 1 0
github.com/mergerhq/merger/internal/store/postgres.go:21.69,23.16 2 0
github.com/mergerhq/merger/internal/store/postgres.go:23.16,25.3 1 0
github.com/mergerhq/merger/internal/store/postgres.go:27.2,31.41 4 0
github.com/mergerhq/merger/internal/store/postgres.go:34.65,35.49 1 0
github.com/mergerhq/merger/internal/store/postgres.go:35.49,36.61 1 0
github.com/mergerhq/merger/internal/store/postgres.go:36.61,38.4 1 0
github.com/mergerhq/merger/internal/store/postgres.go:40.2,40.12 1 0
github.com/mergerhq/merger/internal/store/postgres.go:43.102,45.16 2 0
github.com/mergerhq/merger/internal/store/postgres.go:45.16,47.3 1 0
github.com/mergerhq/merger/internal/store/postgres.go:49.2,75.16 3 0
github.com/mergerhq/merger/internal/store/postgres.go:75.16,77.3 1 0
github.com/mergerhq/merger/internal/store/postgres.go:79.2,79.48 1 0
github.com/mergerhq/merger/internal/store/postgres.go:82.90,84.16 2 0
github.com/mergerhq/merger/internal/store/postgres.go:84.16,86.3 1 0
github.com/mergerhq/merger/internal/store/postgres.go:88.2,103.12 2 0
github.com/mergerhq/merger/internal/store/postgres.go:106.107,108.128 2 0
github.com/mergerhq/merger/internal/store/postgres.go:108.128,109.36 1 0
github.com/mergerhq/merger/internal/store/postgres.go:109.36,111.4 1 0
github.com/mergerhq/merger/internal/store/postgres.go:112.3,112.36 1 0
github.com/mergerhq/merger/internal/store/postgres.go:115.2,116.57 2 0
github.com/mergerhq/merger/internal/store/postgres.go:116.57,118.3 1 0
github.com/mergerhq/merger/internal/store/postgres.go:119.2,119.20 1 0
github.com/mergerhq/merger/internal/store/postgres.go:122.111,123.16 1 0
github.com/mergerhq/merger/internal/store/postgres.go:123.16,125.3 1 0
github.com/mergerhq/merger/internal/store/postgres.go:127.2,128.16 2 0
github.com/mergerhq/merger/internal/store/postgres.go:128.16,130.3 1 0
github.com/mergerhq/merger/internal/store/postgres.go:131.2,134.18 3 0
github.com/mergerhq/merger/internal/store/postgres.go:134.18,136.45 2 0
github.com/mergerhq/merger/internal/store/postgres.go:136.45,138.4 1 0
github.com/mergerhq/merger/internal/store/postgres.go:140.3,141.58 2 0
github.com/mergerhq/merger/internal/store/postgres.go:141.58,143.4 1 0
github.com/mergerhq/merger/internal/store/postgres.go:144.3,144.36 1 0
github.com/mergerhq/merger/internal/store/postgres.go:147.2,147.28 1 0
github.com/mergerhq/merger/internal/store/postgres.go:150.117,152.16 2 0
github.com/mergerhq/merger/internal/store/postgres.go:152.16,154.3 1 0
github.com/mergerhq/merger/internal/store/postgres.go:155.2,155.34 1 0
github.com/mergerhq/merger/internal/store/postgres.go:155.34,157.3 1 0
github.com/mergerhq/merger/internal/store/postgres.go:159.2,184.12 2 0
github.com/mergerhq/merger/internal/store/postgres.go:187.133,193.16 2 0
github.com/mergerhq/merger/internal/store/postgres.go:193.16,195.3 1 0
github.com/mergerhq/merger/internal/store/postgres.go:196.2,199.18 3 0
github.com/mergerhq/merger/internal/store/postgres.go:199.18,213.17 3 0
github.com/mergerhq/merger/internal/store/postgres.go:213.17,215.4 1 0
github.com/mergerhq/merger/internal/store/postgres.go:216.3,216.24 1 0
github.com/mergerhq/merger/internal/store/postgres.go:216.24,218.4 1 0
github.com/mergerhq/merger/internal/store/postgres.go:219.3,219.45 1 0
github.com/mergerhq/merger/internal/store/postgres.go:222.2,222.31 1 0
github.com/mergerhq/merger/internal/store/postgres.go:225.44,226.17 1 0
github.com/mergerhq/merger/internal/store/postgres.go:226.17,228.3 1 0
github.com/mergerhq/merger/internal/store/postgres.go:229.2,229.21 1 0
github.com/mergerhq/merger/internal/store/postgres.go:232.62,233.17 1 0
github.com/mergerhq/merger/internal/store/postgres.go:233.17,235.3 1 0
github.com/mergerhq/merger/internal/store/postgres.go:236.2,236.30 1 0
github.com/mergerhq/merger/internal/store/postgres.go:239.110,240.46 1 0
github.com/mergerhq/merger/internal/store/postgres.go:240.46,249.18 1 0
github.com/mergerhq/merger/internal/store/postgres.go:249.18,251.4 1 0
github.com/mergerhq/merger/internal/store/postgres.go:253.2,253.12 1 0
github.com/mergerhq/merger/internal/store/postgres_migrations.go:3.36,45.2 1 0
github.com/mergerhq/merger/internal/telemetry/context.go:12.75,14.2 1 0
github.com/mergerhq/merger/internal/telemetry/context.go:16.48,19.2 2 1
github.com/mergerhq/merger/internal/telemetry/context.go:21.71,23.2 1 0
github.com/mergerhq/merger/internal/telemetry/context.go:25.44,28.2 2 0
github.com/mergerhq/merger/internal/telemetry/logger.go:16.38,21.2 1 1
github.com/mergerhq/merger/internal/telemetry/logger.go:23.52,24.24 1 0
github.com/mergerhq/merger/internal/telemetry/logger.go:24.24,26.3 1 0
github.com/mergerhq/merger/internal/telemetry/logger.go:29.51,31.2 1 1
github.com/mergerhq/merger/internal/telemetry/logger.go:33.51,34.66 1 0
github.com/mergerhq/merger/internal/telemetry/logger.go:34.66,36.3 1 0
github.com/mergerhq/merger/internal/telemetry/logger.go:39.52,41.2 1 0
github.com/mergerhq/merger/internal/telemetry/logger.go:43.66,50.39 2 1
github.com/mergerhq/merger/internal/telemetry/logger.go:50.39,52.10 2 1
github.com/mergerhq/merger/internal/telemetry/logger.go:52.10,53.12 1 0
github.com/mergerhq/merger/internal/telemetry/logger.go:56.3,56.25 1 1
github.com/mergerhq/merger/internal/telemetry/logger.go:56.25,58.4 1 1
github.com/mergerhq/merger/internal/telemetry/logger.go:61.2,62.16 2 1
github.com/mergerhq/merger/internal/telemetry/logger.go:62.16,65.3 2 0
github.com/mergerhq/merger/internal/telemetry/logger.go:67.2,67.29 1 1
github.com/mergerhq/merger/internal/telemetry/tracing.go:22.25,24.2 1 1
github.com/mergerhq/merger/internal/telemetry/tracing.go:26.85,28.2 1 1
github.com/mergerhq/merger/internal/telemetry/tracing.go:30.48,30.49 0 0
github.com/mergerhq/merger/internal/telemetry/tracing.go:31.48,31.49 0 0
github.com/mergerhq/merger/internal/telemetry/tracing.go:32.48,32.49 0 1
github.com/mergerhq/merger/internal/lanes/assigner.go:23.52,25.2 1 1
github.com/mergerhq/merger/internal/lanes/assigner.go:27.109,28.54 1 1
github.com/mergerhq/merger/internal/lanes/assigner.go:28.54,30.3 1 0
github.com/mergerhq/merger/internal/lanes/assigner.go:32.2,32.95 1 1
github.com/mergerhq/merger/internal/lanes/assigner.go:32.95,34.3 1 0
github.com/mergerhq/merger/internal/lanes/assigner.go:36.2,36.118 1 1
github.com/mergerhq/merger/internal/lanes/assigner.go:36.118,38.3 1 1
github.com/mergerhq/merger/internal/lanes/assigner.go:40.2,40.88 1 0
github.com/mergerhq/merger/internal/lanes/assigner.go:40.88,42.3 1 0
github.com/mergerhq/merger/internal/lanes/assigner.go:44.2,44.120 1 0
github.com/mergerhq/merger/internal/lanes/assigner.go:44.120,46.3 1 0
github.com/mergerhq/merger/internal/lanes/assigner.go:48.2,48.35 1 0
github.com/mergerhq/merger/internal/lanes/assigner.go:51.63,52.44 1 0
github.com/mergerhq/merger/internal/lanes/assigner.go:52.44,53.25 1 0
github.com/mergerhq/merger/internal/lanes/assigner.go:53.25,55.4 1 0
github.com/mergerhq/merger/internal/lanes/assigner.go:57.2,57.14 1 0
github.com/mergerhq/merger/internal/lanes/assigner.go:60.62,61.17 1 1
github.com/mergerhq/merger/internal/lanes/assigner.go:61.17,63.3 1 1
github.com/mergerhq/merger/internal/lanes/assigner.go:65.2,72.33 2 0
github.com/mergerhq/merger/internal/lanes/assigner.go:72.33,74.3 1 0
github.com/mergerhq/merger/internal/lanes/assigner.go:75.2,75.14 1 0
github.com/mergerhq/merger/internal/github/app_auth.go:34.99,36.16 2 1
github.com/mergerhq/merger/internal/github/app_auth.go:36.16,38.3 1 0
github.com/mergerhq/merger/internal/github/app_auth.go:40.2,41.18 2 1
github.com/mergerhq/merger/internal/github/app_auth.go:41.18,43.3 1 0
github.com/mergerhq/merger/internal/github/app_auth.go:45.2,46.16 2 1
github.com/mergerhq/merger/internal/github/app_auth.go:46.16,48.22 2 0
github.com/mergerhq/merger/internal/github/app_auth.go:48.22,50.4 1 0
github.com/mergerhq/merger/internal/github/app_auth.go:52.3,53.10 2 0
github.com/mergerhq/merger/internal/github/app_auth.go:53.10,55.4 1 0
github.com/mergerhq/merger/internal/github/app_auth.go:56.3,56.17 1 0
github.com/mergerhq/merger/internal/github/app_auth.go:59.2,63.8 1 1
github.com/mergerhq/merger/internal/github/app_auth.go:66.93,70.85 3 1
github.com/mergerhq/merger/internal/github/app_auth.go:70.85,72.3 1 0
github.com/mergerhq/merger/internal/github/app_auth.go:74.2,75.16 2 1
github.com/mergerhq/merger/internal/github/app_auth.go:75.16,77.3 1 0
github.com/mergerhq/merger/internal/github/app_auth.go:79.2,85.16 2 1
github.com/mergerhq/merger/internal/github/app_auth.go:85.16,87.3 1 0
github.com/mergerhq/merger/internal/github/app_auth.go:89.2,93.56 2 1
github.com/mergerhq/merger/internal/github/app_auth.go:93.56,95.3 1 0
github.com/mergerhq/merger/internal/github/app_auth.go:97.2,99.28 3 1
github.com/mergerhq/merger/internal/github/app_auth.go:102.53,114.16 4 1
github.com/mergerhq/merger/internal/github/app_auth.go:114.16,116.3 1 0
github.com/mergerhq/merger/internal/github/app_auth.go:117.2,118.16 2 1
github.com/mergerhq/merger/internal/github/app_auth.go:118.16,120.3 1 0
github.com/mergerhq/merger/internal/github/app_auth.go:122.2,126.16 4 1
github.com/mergerhq/merger/internal/github/app_auth.go:126.16,128.3 1 0
github.com/mergerhq/merger/internal/github/app_auth.go:130.2,130.55 1 1
github.com/mergerhq/merger/internal/github/app_auth.go:133.39,135.2 1 1
github.com/mergerhq/merger/internal/github/checks.go:8.82,10.16 2 1
github.com/mergerhq/merger/internal/github/checks.go:10.16,12.3 1 0
github.com/mergerhq/merger/internal/github/checks.go:14.2,24.28 2 1
github.com/mergerhq/merger/internal/github/checks.go:24.28,26.3 1 1
github.com/mergerhq/merger/internal/github/checks.go:28.2,29.12 2 1
github.com/mergerhq/merger/internal/github/client.go:17.51,19.23 2 1
github.com/mergerhq/merger/internal/github/client.go:19.23,21.17 2 1
github.com/mergerhq/merger/internal/github/client.go:21.17,23.4 1 0
github.com/mergerhq/merger/internal/github/client.go:24.3,24.19 1 1
github.com/mergerhq/merger/internal/github/client.go:27.2,28.23 2 1
github.com/mergerhq/merger/internal/github/client.go:28.23,30.3 1 0
github.com/mergerhq/merger/internal/github/client.go:32.2,40.16 3 1
github.com/mergerhq/merger/internal/github/client.go:40.16,42.3 1 0
github.com/mergerhq/merger/internal/github/client.go:43.2,45.20 2 1
github.com/mergerhq/merger/internal/github/client.go:48.64,52.2 3 0
github.com/mergerhq/merger/internal/github/contents.go:13.105,15.16 2 1
github.com/mergerhq/merger/internal/github/contents.go:15.16,17.3 1 0
github.com/mergerhq/merger/internal/github/contents.go:19.2,21.16 3 1
github.com/mergerhq/merger/internal/github/contents.go:21.16,23.3 1 0
github.com/mergerhq/merger/internal/github/contents.go:25.2,29.56 2 1
github.com/mergerhq/merger/internal/github/contents.go:29.56,31.3 1 0
github.com/mergerhq/merger/internal/github/contents.go:33.2,33.53 1 1
github.com/mergerhq/merger/internal/github/contents.go:33.53,35.3 1 0
github.com/mergerhq/merger/internal/github/contents.go:37.2,38.52 2 1
github.com/mergerhq/merger/internal/github/noop.go:10.95,12.2 1 0
github.com/mergerhq/merger/internal/github/noop.go:14.94,16.2 1 0
github.com/mergerhq/merger/internal/github/noop.go:18.89,20.2 1 0
github.com/mergerhq/merger/internal/github/noop.go:22.78,24.2 1 0
github.com/mergerhq/merger/internal/github/pull_requests.go:9.107,11.16 2 1
github.com/mergerhq/merger/internal/github/pull_requests.go:11.16,13.3 1 0
github.com/mergerhq/merger/internal/github/pull_requests.go:15.2,16.16 2 1
github.com/mergerhq/merger/internal/github/pull_requests.go:16.16,18.3 1 0
github.com/mergerhq/merger/internal/github/pull_requests.go:20.2,35.56 2 1
github.com/mergerhq/merger/internal/github/pull_requests.go:35.56,37.3 1 0
github.com/mergerhq/merger/internal/github/pull_requests.go:39.2,49.8 1 1
github.com/mergerhq/merger/internal/github/pull_requests.go:52.106,54.16 2 1
github.com/mergerhq/merger/internal/github/pull_requests.go:54.16,56.3 1 0
github.com/mergerhq/merger/internal/github/pull_requests.go:58.2,59.16 2 1
github.com/mergerhq/merger/internal/github/pull_requests.go:59.16,61.3 1 0
github.com/mergerhq/merger/internal/github/pull_requests.go:63.2,63.26 1 1
github.com/mergerhq/merger/internal/github/transport.go:12.107,14.16 2 1
github.com/mergerhq/merger/internal/github/transport.go:14.16,16.3 1 0
github.com/mergerhq/merger/internal/github/transport.go:17.2,21.18 4 1
github.com/mergerhq/merger/internal/github/transport.go:24.113,26.20 2 1
github.com/mergerhq/merger/internal/github/transport.go:26.20,28.17 2 1
github.com/mergerhq/merger/internal/github/transport.go:28.17,30.4 1 0
github.com/mergerhq/merger/internal/github/transport.go:31.3,31.36 1 1
github.com/mergerhq/merger/internal/github/transport.go:34.2,35.16 2 1
github.com/mergerhq/merger/internal/github/transport.go:35.16,37.3 1 0
github.com/mergerhq/merger/internal/github/transport.go:38.2,41.20 4 1
github.com/mergerhq/merger/internal/github/transport.go:41.20,43.3 1 1
github.com/mergerhq/merger/internal/github/transport.go:45.2,45.18 1 1
github.com/mergerhq/merger/internal/github/transport.go:48.56,50.16 2 1
github.com/mergerhq/merger/internal/github/transport.go:50.16,52.3 1 0
github.com/mergerhq/merger/internal/github/transport.go:53.2,56.16 3 1
github.com/mergerhq/merger/internal/github/transport.go:56.16,58.3 1 0
github.com/mergerhq/merger/internal/github/transport.go:60.2,60.28 1 1
github.com/mergerhq/merger/internal/github/transport.go:60.28,62.3 1 0
github.com/mergerhq/merger/internal/github/transport.go:64.2,64.18 1 1
github.com/mergerhq/merger/internal/github/webhook.go:56.54,58.2 1 1
github.com/mergerhq/merger/internal/github/webhook.go:60.66,62.17 2 1
github.com/mergerhq/merger/internal/github/webhook.go:62.17,64.3 1 0
github.com/mergerhq/merger/internal/github/webhook.go:66.2,67.16 2 1
github.com/mergerhq/merger/internal/github/webhook.go:67.16,69.3 1 0
github.com/mergerhq/merger/internal/github/webhook.go:71.2,72.50 2 1
github.com/mergerhq/merger/internal/github/webhook.go:72.50,74.3 1 1
github.com/mergerhq/merger/internal/github/webhook.go:76.2,77.55 2 1
github.com/mergerhq/merger/internal/github/webhook.go:77.55,79.3 1 0
github.com/mergerhq/merger/internal/github/webhook.go:81.2,86.8 1 1
github.com/mergerhq/merger/internal/github/webhook.go:89.72,90.20 1 1
github.com/mergerhq/merger/internal/github/webhook.go:90.20,92.3 1 0
github.com/mergerhq/merger/internal/github/webhook.go:93.2,93.21 1 1
github.com/mergerhq/merger/internal/github/webhook.go:93.21,95.3 1 0
github.com/mergerhq/merger/internal/github/webhook.go:96.2,96.46 1 1
github.com/mergerhq/merger/internal/github/webhook.go:96.46,98.3 1 0
github.com/mergerhq/merger/internal/github/webhook.go:100.2,104.54 4 1
[...]
github.com/mergerhq/merger/internal/runtimegraph/source_codeowners.go:15.25,17.3 1 0
github.com/mergerhq/merger/internal/runtimegraph/source_codeowners.go:19.2,20.37 2 1
github.com/mergerhq/merger/internal/runtimegraph/source_codeowners.go:20.37,22.3 1 0
github.com/mergerhq/merger/internal/runtimegraph/source_codeowners.go:23.2,23.23 1 1
github.com/mergerhq/merger/internal/runtimegraph/source_codeowners.go:23.23,25.3 1 0
github.com/mergerhq/merger/internal/runtimegraph/source_codeowners.go:27.2,29.33 3 1
github.com/mergerhq/merger/internal/runtimegraph/source_codeowners.go:29.33,31.3 1 1
github.com/mergerhq/merger/internal/runtimegraph/source_codeowners.go:33.2,33.22 1 1
github.com/mergerhq/merger/internal/runtimegraph/source_codeowners.go:36.98,40.29 3 1
github.com/mergerhq/merger/internal/runtimegraph/source_codeowners.go:40.29,41.30 1 1
github.com/mergerhq/merger/internal/runtimegraph/source_codeowners.go:41.30,43.50 2 1
github.com/mergerhq/merger/internal/runtimegraph/source_codeowners.go:43.50,44.13 1 1
github.com/mergerhq/merger/internal/runtimegraph/source_codeowners.go:47.4,48.23 2 1
github.com/mergerhq/merger/internal/runtimegraph/source_codeowners.go:48.23,49.13 1 0
github.com/mergerhq/merger/internal/runtimegraph/source_codeowners.go:52.4,53.64 2 1
github.com/mergerhq/merger/internal/runtimegraph/source_codeowners.go:53.64,54.13 1 0
github.com/mergerhq/merger/internal/runtimegraph/source_codeowners.go:57.4,63.5 2 1
github.com/mergerhq/merger/internal/runtimegraph/source_codeowners.go:67.2,68.32 2 1
github.com/mergerhq/merger/internal/runtimegraph/source_codeowners.go:68.32,70.3 1 1
github.com/mergerhq/merger/internal/runtimegraph/source_codeowners.go:71.2,71.15 1 1
github.com/mergerhq/merger/internal/runtimegraph/source_manifest.go:15.37,15.65 1 0
github.com/mergerhq/merger/internal/runtimegraph/source_manifest.go:17.93,20.42 2 1
github.com/mergerhq/merger/internal/runtimegraph/source_manifest.go:20.42,22.38 2 1
github.com/mergerhq/merger/internal/runtimegraph/source_manifest.go:22.38,23.12 1 1
github.com/mergerhq/merger/internal/runtimegraph/source_manifest.go:26.3,26.26 1 1
github.com/mergerhq/merger/internal/runtimegraph/source_manifest.go:26.26,27.12 1 0
github.com/mergerhq/merger/internal/runtimegraph/source_manifest.go:30.3,31.38 2 1
github.com/mergerhq/merger/internal/runtimegraph/source_manifest.go:31.38,32.12 1 0
github.com/mergerhq/merger/internal/runtimegraph/source_manifest.go:35.3,36.10 2 1
github.com/mergerhq/merger/internal/runtimegraph/source_manifest.go:36.10,37.12 1 0
github.com/mergerhq/merger/internal/runtimegraph/source_manifest.go:40.3,41.109 2 1
github.com/mergerhq/merger/internal/runtimegraph/source_manifest.go:44.2,44.22 1 1
github.com/mergerhq/merger/internal/runtimegraph/source_manifest.go:47.67,49.57 2 1
github.com/mergerhq/merger/internal/runtimegraph/source_manifest.go:49.57,51.3 1 0
github.com/mergerhq/merger/internal/runtimegraph/source_manifest.go:53.2,56.30 4 1
github.com/mergerhq/merger/internal/runtimegraph/source_manifest.go:56.30,58.3 1 0
github.com/mergerhq/merger/internal/runtimegraph/source_manifest.go:60.2,61.87 2 1
github.com/mergerhq/merger/internal/runtimegraph/source_manifest.go:61.87,63.3 1 0
github.com/mergerhq/merger/internal/runtimegraph/source_manifest.go:65.2,70.9 1 1
github.com/mergerhq/merger/internal/runtimegraph/source_repository_topology.go:12.47,12.79 1 0
github.com/mergerhq/merger/internal/runtimegraph/source_repository_topology.go:14.101,18.42 3 1
github.com/mergerhq/merger/internal/runtimegraph/source_repository_topology.go:18.42,20.21 2 1
github.com/mergerhq/merger/internal/runtimegraph/source_repository_topology.go:20.21,21.12 1 0
github.com/mergerhq/merger/internal/runtimegraph/source_repository_topology.go:24.3,24.19 1 1
github.com/mergerhq/merger/internal/runtimegraph/source_repository_topology.go:25.45,38.5 3 1
github.com/mergerhq/merger/internal/runtimegraph/source_repository_topology.go:42.2,45.35 2 1
github.com/mergerhq/merger/internal/runtimegraph/source_repository_topology.go:45.35,47.3 1 1
github.com/mergerhq/merger/internal/runtimegraph/source_repository_topology.go:48.2,48.31 1 1
github.com/mergerhq/merger/internal/runtimegraph/source_repository_topology.go:48.31,50.3 1 1
github.com/mergerhq/merger/internal/runtimegraph/source_repository_topology.go:51.2,51.22 1 1
github.com/mergerhq/merger/internal/policy/engine.go:25.47,27.2 1 1
github.com/mergerhq/merger/internal/policy/engine.go:29.98,40.41 2 1
github.com/mergerhq/merger/internal/policy/engine.go:40.41,41.33 1 1
github.com/mergerhq/merger/internal/policy/engine.go:41.33,42.12 1 0
github.com/mergerhq/merger/internal/policy/engine.go:44.3,44.31 1 1
github.com/mergerhq/merger/internal/policy/engine.go:47.2,48.24 2 1
github.com/mergerhq/merger/internal/policy/evaluation.go:10.57,12.28 2 1
github.com/mergerhq/merger/internal/policy/evaluation.go:12.28,14.3 1 0
github.com/mergerhq/merger/internal/policy/evaluation.go:16.2,19.37 4 1
github.com/mergerhq/merger/internal/policy/evaluation.go:22.73,23.50 1 1
github.com/mergerhq/merger/internal/policy/evaluation.go:23.50,29.3 1 1
github.com/mergerhq/merger/internal/policy/evaluation.go:32.73,33.49 1 1
github.com/mergerhq/merger/internal/policy/evaluation.go:33.49,41.3 1 1
github.com/mergerhq/merger/internal/policy/evaluation.go:44.75,45.44 1 1
github.com/mergerhq/merger/internal/policy/evaluation.go:45.44,47.3 1 0
github.com/mergerhq/merger/internal/policy/evaluation.go:48.2,48.51 1 1
github.com/mergerhq/merger/internal/policy/evaluation.go:48.51,50.3 1 0
github.com/mergerhq/merger/internal/policy/evaluation.go:51.2,52.137 2 1
github.com/mergerhq/merger/internal/policy/evaluation.go:55.65,56.35 1 1
github.com/mergerhq/merger/internal/policy/evaluation.go:56.35,58.3 1 1
github.com/mergerhq/merger/internal/policy/evaluation.go:60.2,60.23 1 1
github.com/mergerhq/merger/internal/policy/evaluation.go:60.23,68.3 3 0
github.com/mergerhq/merger/internal/policy/evaluation.go:70.2,70.67 1 1
github.com/mergerhq/merger/internal/policy/evaluation.go:70.67,72.3 1 1
github.com/mergerhq/merger/internal/policy/evaluation.go:75.47,77.39 2 1
github.com/mergerhq/merger/internal/policy/evaluation.go:77.39,79.3 1 1
github.com/mergerhq/merger/internal/policy/helpers.go:9.131,10.31 1 1
github.com/mergerhq/merger/internal/policy/helpers.go:10.31,11.52 1 0
github.com/mergerhq/merger/internal/policy/helpers.go:11.52,13.4 1 0
github.com/mergerhq/merger/internal/policy/helpers.go:15.2,15.34 1 1
github.com/mergerhq/merger/internal/policy/helpers.go:18.131,19.31 1 1
github.com/mergerhq/merger/internal/policy/helpers.go:19.31,20.35 1 0
github.com/mergerhq/merger/internal/policy/helpers.go:20.35,22.4 1 0
github.com/mergerhq/merger/internal/policy/helpers.go:24.2,24.34 1 1
github.com/mergerhq/merger/internal/policy/helpers.go:27.54,28.13 1 1
github.com/mergerhq/merger/internal/policy/helpers.go:28.13,30.3 1 1
github.com/mergerhq/merger/internal/policy/helpers.go:32.2,38.25 2 0
github.com/mergerhq/merger/internal/policy/helpers.go:38.25,40.3 1 0
github.com/mergerhq/merger/internal/policy/helpers.go:41.2,41.10 1 0
github.com/mergerhq/merger/internal/policy/loader.go:9.46,11.16 2 0
github.com/mergerhq/merger/internal/policy/loader.go:11.16,13.3 1 0
github.com/mergerhq/merger/internal/policy/loader.go:15.2,16.53 2 0
github.com/mergerhq/merger/internal/policy/loader.go:16.53,18.3 1 0
github.com/mergerhq/merger/internal/policy/loader.go:20.2,20.20 1 0
github.com/mergerhq/merger/internal/policy/matchers.go:9.68,10.88 1 1
github.com/mergerhq/merger/internal/policy/matchers.go:10.88,12.3 1 0
github.com/mergerhq/merger/internal/policy/matchers.go:13.2,13.80 1 1
github.com/mergerhq/merger/internal/policy/matchers.go:13.80,15.3 1 0
github.com/mergerhq/merger/internal/policy/matchers.go:16.2,16.115 1 1
github.com/mergerhq/merger/internal/policy/matchers.go:16.115,18.3 1 0
github.com/mergerhq/merger/internal/policy/matchers.go:19.2,19.85 1 1
github.com/mergerhq/merger/internal/policy/matchers.go:19.85,21.3 1 0
github.com/mergerhq/merger/internal/policy/matchers.go:22.2,22.97 1 1
github.com/mergerhq/merger/internal/policy/matchers.go:22.97,24.3 1 0
github.com/mergerhq/merger/internal/policy/matchers.go:26.2,26.13 1 1
github.com/mergerhq/merger/internal/policy/matchers.go:29.89,30.44 1 1
github.com/mergerhq/merger/internal/policy/matchers.go:30.44,31.30 1 1
github.com/mergerhq/merger/internal/policy/matchers.go:31.30,32.29 1 1
github.com/mergerhq/merger/internal/policy/matchers.go:32.29,34.5 1 1
github.com/mergerhq/merger/internal/policy/matchers.go:37.2,37.14 1 0
github.com/mergerhq/merger/internal/policy/matchers.go:40.79,41.36 1 0
github.com/mergerhq/merger/internal/policy/matchers.go:41.36,42.36 1 0
github.com/mergerhq/merger/internal/policy/matchers.go:42.36,43.78 1 0
github.com/mergerhq/merger/internal/policy/matchers.go:43.78,45.5 1 0
github.com/mergerhq/merger/internal/policy/matchers.go:48.2,48.14 1 0
github.com/mergerhq/merger/internal/policy/matchers.go:51.90,52.31 1 0
github.com/mergerhq/merger/internal/policy/matchers.go:52.31,53.25 1 0
github.com/mergerhq/merger/internal/policy/matchers.go:53.25,55.4 1 0
github.com/mergerhq/merger/internal/policy/matchers.go:57.2,57.14 1 0
github.com/mergerhq/merger/internal/policy/matchers.go:60.75,61.41 1 0
github.com/mergerhq/merger/internal/policy/matchers.go:61.41,62.30 1 0
github.com/mergerhq/merger/internal/policy/matchers.go:62.30,63.43 1 0
github.com/mergerhq/merger/internal/policy/matchers.go:63.43,65.5 1 0
github.com/mergerhq/merger/internal/policy/matchers.go:68.2,68.14 1 0
github.com/mergerhq/merger/internal/config/config.go:73.24,112.2 1 0
github.com/mergerhq/merger/internal/config/config.go:114.40,118.16 3 0
github.com/mergerhq/merger/internal/config/config.go:118.16,120.3 1 0
github.com/mergerhq/merger/internal/config/config.go:122.2,122.50 1 0
github.com/mergerhq/merger/internal/config/config.go:122.50,124.3 1 0
github.com/mergerhq/merger/internal/config/config.go:126.2,126.17 1 0
github.com/mergerhq/merger/internal/events/bus.go:47.32,49.2 1 0
github.com/mergerhq/merger/internal/events/bus.go:51.71,58.2 1 0
github.com/mergerhq/merger/internal/events/bus.go:60.72,64.14 3 0
github.com/mergerhq/merger/internal/events/bus.go:64.14,66.3 1 0
github.com/mergerhq/merger/internal/events/bus.go:68.2,68.49 1 0
github.com/mergerhq/merger/internal/events/bus.go:68.49,69.45 1 0
github.com/mergerhq/merger/internal/events/bus.go:69.45,71.4 1 0
github.com/mergerhq/merger/internal/events/bus.go:74.2,74.12 1 0
github.com/mergerhq/merger/internal/events/bus.go:77.70,81.14 3 0
github.com/mergerhq/merger/internal/events/bus.go:81.14,83.3 1 0
github.com/mergerhq/merger/internal/events/bus.go:85.2,86.12 2 0
github.com/mergerhq/merger/internal/events/bus.go:89.35,96.2 5 0
github.com/mergerhq/merger/internal/events/factory.go:9.61,10.21 1 0
github.com/mergerhq/merger/internal/events/factory.go:11.20,12.29 1 0
github.com/mergerhq/merger/internal/events/factory.go:13.14,19.5 1 0
github.com/mergerhq/merger/internal/events/factory.go:20.10,21.72 1 0
github.com/mergerhq/merger/internal/events/nats.go:26.51,28.16 2 0
github.com/mergerhq/merger/internal/events/nats.go:28.16,30.3 1 0
github.com/mergerhq/merger/internal/events/nats.go:32.2,33.16 2 0
github.com/mergerhq/merger/internal/events/nats.go:33.16,36.3 2 0
github.com/mergerhq/merger/internal/events/nats.go:38.2,44.43 2 0
github.com/mergerhq/merger/internal/events/nats.go:44.43,47.3 2 0
github.com/mergerhq/merger/internal/events/nats.go:49.2,49.17 1 0
github.com/mergerhq/merger/internal/events/nats.go:52.68,54.16 2 0
github.com/mergerhq/merger/internal/events/nats.go:54.16,56.3 1 0
github.com/mergerhq/merger/internal/events/nats.go:58.2,65.31 4 0
github.com/mergerhq/merger/internal/events/nats.go:65.31,67.3 1 0
github.com/mergerhq/merger/internal/events/nats.go:69.2,70.12 2 0
github.com/mergerhq/merger/internal/events/nats.go:73.68,77.58 3 0
github.com/mergerhq/merger/internal/events/nats.go:77.58,79.61 2 0
github.com/mergerhq/merger/internal/events/nats.go:79.61,82.4 2 0
github.com/mergerhq/merger/internal/events/nats.go:84.3,84.65 1 0
github.com/mergerhq/merger/internal/events/nats.go:84.65,87.4 2 0
github.com/mergerhq/merger/internal/events/nats.go:89.3,89.16 1 0
github.com/mergerhq/merger/internal/events/nats.go:91.2,91.16 1 0
github.com/mergerhq/merger/internal/events/nats.go:91.16,93.3 1 0
github.com/mergerhq/merger/internal/events/nats.go:95.2,96.12 2 0
github.com/mergerhq/merger/internal/events/nats.go:99.33,100.29 1 0
github.com/mergerhq/merger/internal/events/nats.go:100.29,102.3 1 0
github.com/mergerhq/merger/internal/events/nats.go:103.2,103.19 1 0
github.com/mergerhq/merger/internal/events/nats.go:103.19,106.3 2 0
github.com/mergerhq/merger/internal/events/nats.go:107.2,107.12 1 0
github.com/mergerhq/merger/internal/events/nats.go:110.40,113.61 2 0
github.com/mergerhq/merger/internal/events/nats.go:113.61,115.3 1 0
github.com/mergerhq/merger/internal/events/nats.go:117.2,122.12 2 0
github.com/mergerhq/merger/internal/events/nats.go:125.53,127.2 1 0
github.com/mergerhq/merger/internal/events/nats.go:129.41,134.2 4 0
github.com/mergerhq/merger/internal/events/recording_bus.go:14.72,19.2 1 0
github.com/mergerhq/merger/internal/events/recording_bus.go:21.75,22.51 1 0
github.com/mergerhq/merger/internal/events/recording_bus.go:22.51,24.3 1 0
github.com/mergerhq/merger/internal/events/recording_bus.go:26.2,26.20 1 0
github.com/mergerhq/merger/internal/events/recording_bus.go:26.20,28.3 1 0
github.com/mergerhq/merger/internal/events/recording_bus.go:30.2,30.38 1 0
github.com/mergerhq/merger/internal/events/recording_bus.go:33.73,35.2 1 0
github.com/mergerhq/merger/internal/events/recording_bus.go:37.38,39.2 1 0
github.com/mergerhq/merger/internal/store/memory.go:20.46,26.2 1 1
github.com/mergerhq/merger/internal/store/memory.go:28.98,35.2 5 1
github.com/mergerhq/merger/internal/store/memory.go:37.103,42.9 4 0
github.com/mergerhq/merger/internal/store/memory.go:42.9,44.3 1 0
github.com/mergerhq/merger/internal/store/memory.go:45.2,45.20 1 0
github.com/mergerhq/merger/internal/store/memory.go:48.107,53.41 4 0
github.com/mergerhq/merger/internal/store/memory.go:53.41,55.3 1 0
github.com/mergerhq/merger/internal/store/memory.go:57.2,57.42 1 0
github.com/mergerhq/merger/internal/store/memory.go:57.42,59.3 1 0
github.com/mergerhq/merger/internal/store/memory.go:60.2,60.39 1 0
github.com/mergerhq/merger/internal/store/memory.go:60.39,62.3 1 0
github.com/mergerhq/merger/internal/store/memory.go:64.2,64.21 1 0
github.com/mergerhq/merger/internal/store/memory.go:67.86,72.2 4 0
github.com/mergerhq/merger/internal/store/memory.go:74.113,78.55 3 0
github.com/mergerhq/merger/internal/store/memory.go:78.55,80.3 1 0
github.com/mergerhq/merger/internal/store/memory.go:81.2,81.34 1 0
github.com/mergerhq/merger/internal/store/memory.go:81.34,83.3 1 0
github.com/mergerhq/merger/internal/store/memory.go:84.2,85.12 2 0
github.com/mergerhq/merger/internal/store/memory.go:88.129,94.35 5 1
github.com/mergerhq/merger/internal/store/memory.go:94.35,96.3 1 1
github.com/mergerhq/merger/internal/store/memory.go:97.2,97.45 1 1
github.com/mergerhq/merger/internal/store/memory.go:97.45,99.3 1 0
github.com/mergerhq/merger/internal/store/memory.go:100.2,100.24 1 1
github.com/mergerhq/merger/internal/store/memory.go:103.59,103.73 1 0
github.com/mergerhq/merger/internal/store/memory.go:104.59,104.73 1 0
github.com/mergerhq/merger/internal/store/memory.go:106.77,107.40 1 1
github.com/mergerhq/merger/internal/store/memory.go:107.40,109.3 1 1
github.com/mergerhq/merger/internal/store/memory.go:110.2,110.46 1 1
github.com/mergerhq/merger/internal/store/memory.go:110.46,112.9 2 1
github.com/mergerhq/merger/internal/store/memory.go:112.9,116.12 4 0
github.com/mergerhq/merger/internal/store/memory.go:119.3,127.4 1 1
github.com/mergerhq/merger/internal/store/postgres.go:21.69,23.16 2 0
github.com/mergerhq/merger/internal/store/postgres.go:23.16,25.3 1 0
github.com/mergerhq/merger/internal/store/postgres.go:27.2,31.41 4 0
github.com/mergerhq/merger/internal/store/postgres.go:34.65,35.49 1 0
github.com/mergerhq/merger/internal/store/postgres.go:35.49,36.61 1 0
github.com/mergerhq/merger/internal/store/postgres.go:36.61,38.4 1 0
github.com/mergerhq/merger/internal/store/postgres.go:40.2,40.12 1 0
github.com/mergerhq/merger/internal/store/postgres.go:43.102,45.16 2 0
github.com/mergerhq/merger/internal/store/postgres.go:45.16,47.3 1 0
github.com/mergerhq/merger/internal/store/postgres.go:49.2,75.16 3 0
github.com/mergerhq/merger/internal/store/postgres.go:75.16,77.3 1 0
github.com/mergerhq/merger/internal/store/postgres.go:79.2,79.48 1 0
github.com/mergerhq/merger/internal/store/postgres.go:82.90,84.16 2 0
github.com/mergerhq/merger/internal/store/postgres.go:84.16,86.3 1 0
github.com/mergerhq/merger/internal/store/postgres.go:88.2,103.12 2 0
github.com/mergerhq/merger/internal/store/postgres.go:106.107,108.128 2 0
github.com/mergerhq/merger/internal/store/postgres.go:108.128,109.36 1 0
github.com/mergerhq/merger/internal/store/postgres.go:109.36,111.4 1 0
github.com/mergerhq/merger/internal/store/postgres.go:112.3,112.36 1 0
github.com/mergerhq/merger/internal/store/postgres.go:115.2,116.57 2 0
github.com/mergerhq/merger/internal/store/postgres.go:116.57,118.3 1 0
github.com/mergerhq/merger/internal/store/postgres.go:119.2,119.20 1 0
github.com/mergerhq/merger/internal/store/postgres.go:122.111,123.16 1 0
github.com/mergerhq/merger/internal/store/postgres.go:123.16,125.3 1 0
github.com/mergerhq/merger/internal/store/postgres.go:127.2,128.16 2 0
github.com/mergerhq/merger/internal/store/postgres.go:128.16,130.3 1 0
github.com/mergerhq/merger/internal/store/postgres.go:131.2,134.18 3 0
github.com/mergerhq/merger/internal/store/postgres.go:134.18,136.45 2 0
github.com/mergerhq/merger/internal/store/postgres.go:136.45,138.4 1 0
github.com/mergerhq/merger/internal/store/postgres.go:140.3,141.58 2 0
github.com/mergerhq/merger/internal/store/postgres.go:141.58,143.4 1 0
github.com/mergerhq/merger/internal/store/postgres.go:144.3,144.36 1 0
github.com/mergerhq/merger/internal/store/postgres.go:147.2,147.28 1 0
github.com/mergerhq/merger/internal/store/postgres.go:150.117,152.16 2 0
github.com/mergerhq/merger/internal/store/postgres.go:152.16,154.3 1 0
github.com/mergerhq/merger/internal/store/postgres.go:155.2,155.34 1 0
github.com/mergerhq/merger/internal/store/postgres.go:155.34,157.3 1 0
github.com/mergerhq/merger/internal/store/postgres.go:159.2,184.12 2 0
github.com/mergerhq/merger/internal/store/postgres.go:187.133,193.16 2 0
github.com/mergerhq/merger/internal/store/postgres.go:193.16,195.3 1 0
github.com/mergerhq/merger/internal/store/postgres.go:196.2,199.18 3 0
github.com/mergerhq/merger/internal/store/postgres.go:199.18,213.17 3 0
github.com/mergerhq/merger/internal/store/postgres.go:213.17,215.4 1 0
github.com/mergerhq/merger/internal/store/postgres.go:216.3,216.24 1 0
github.com/mergerhq/merger/internal/store/postgres.go:216.24,218.4 1 0
github.com/mergerhq/merger/internal/store/postgres.go:219.3,219.45 1 0
github.com/mergerhq/merger/internal/store/postgres.go:222.2,222.31 1 0
github.com/mergerhq/merger/internal/store/postgres.go:225.44,226.17 1 0
github.com/mergerhq/merger/internal/store/postgres.go:226.17,228.3 1 0
github.com/mergerhq/merger/internal/store/postgres.go:229.2,229.21 1 0
github.com/mergerhq/merger/internal/store/postgres.go:232.62,233.17 1 0
github.com/mergerhq/merger/internal/store/postgres.go:233.17,235.3 1 0
github.com/mergerhq/merger/internal/store/postgres.go:236.2,236.30 1 0
github.com/mergerhq/merger/internal/store/postgres.go:239.110,240.46 1 0
github.com/mergerhq/merger/internal/store/postgres.go:240.46,249.18 1 0
github.com/mergerhq/merger/internal/store/postgres.go:249.18,251.4 1 0
github.com/mergerhq/merger/internal/store/postgres.go:253.2,253.12 1 0
github.com/mergerhq/merger/internal/store/postgres_migrations.go:3.36,45.2 1 0
